{"C:\\Users\\7jaca\\OneDrive\\Desktop\\Projects\\percepta\\node\\audio.js": {"path":"C:\\Users\\7jaca\\OneDrive\\Desktop\\Projects\\percepta\\node\\audio.js","statementMap":{"0":{"start":{"line":14,"column":15},"end":{"line":14,"column":39}},"1":{"start":{"line":15,"column":14},"end":{"line":15,"column":30}},"2":{"start":{"line":16,"column":11},"end":{"line":16,"column":24}},"3":{"start":{"line":17,"column":13},"end":{"line":17,"column":28}},"4":{"start":{"line":18,"column":21},"end":{"line":18,"column":38}},"5":{"start":{"line":19,"column":15},"end":{"line":19,"column":40}},"6":{"start":{"line":37,"column":4},"end":{"line":37,"column":25}},"7":{"start":{"line":38,"column":4},"end":{"line":38,"column":34}},"8":{"start":{"line":39,"column":4},"end":{"line":39,"column":79}},"9":{"start":{"line":40,"column":4},"end":{"line":40,"column":46}},"10":{"start":{"line":42,"column":4},"end":{"line":44,"column":5}},"11":{"start":{"line":43,"column":6},"end":{"line":43,"column":69}},"12":{"start":{"line":46,"column":4},"end":{"line":46,"column":50}},"13":{"start":{"line":47,"column":4},"end":{"line":47,"column":49}},"14":{"start":{"line":48,"column":4},"end":{"line":48,"column":46}},"15":{"start":{"line":50,"column":4},"end":{"line":50,"column":29}},"16":{"start":{"line":51,"column":4},"end":{"line":51,"column":30}},"17":{"start":{"line":52,"column":4},"end":{"line":52,"column":38}},"18":{"start":{"line":53,"column":4},"end":{"line":53,"column":30}},"19":{"start":{"line":56,"column":4},"end":{"line":56,"column":40}},"20":{"start":{"line":64,"column":4},"end":{"line":109,"column":7}},"21":{"start":{"line":65,"column":54},"end":{"line":65,"column":58}},"22":{"start":{"line":68,"column":6},"end":{"line":70,"column":7}},"23":{"start":{"line":69,"column":8},"end":{"line":69,"column":15}},"24":{"start":{"line":73,"column":6},"end":{"line":99,"column":7}},"25":{"start":{"line":74,"column":8},"end":{"line":74,"column":43}},"26":{"start":{"line":75,"column":8},"end":{"line":78,"column":10}},"27":{"start":{"line":81,"column":8},"end":{"line":84,"column":10}},"28":{"start":{"line":85,"column":8},"end":{"line":87,"column":10}},"29":{"start":{"line":88,"column":8},"end":{"line":98,"column":9}},"30":{"start":{"line":89,"column":10},"end":{"line":92,"column":12}},"31":{"start":{"line":94,"column":10},"end":{"line":97,"column":12}},"32":{"start":{"line":102,"column":6},"end":{"line":108,"column":7}},"33":{"start":{"line":103,"column":8},"end":{"line":106,"column":10}},"34":{"start":{"line":107,"column":8},"end":{"line":107,"column":62}},"35":{"start":{"line":112,"column":4},"end":{"line":117,"column":7}},"36":{"start":{"line":113,"column":6},"end":{"line":116,"column":7}},"37":{"start":{"line":114,"column":8},"end":{"line":114,"column":76}},"38":{"start":{"line":115,"column":8},"end":{"line":115,"column":27}},"39":{"start":{"line":120,"column":4},"end":{"line":127,"column":7}},"40":{"start":{"line":121,"column":6},"end":{"line":126,"column":7}},"41":{"start":{"line":122,"column":8},"end":{"line":125,"column":10}},"42":{"start":{"line":136,"column":4},"end":{"line":150,"column":7}},"43":{"start":{"line":137,"column":6},"end":{"line":149,"column":9}},"44":{"start":{"line":138,"column":8},"end":{"line":148,"column":9}},"45":{"start":{"line":139,"column":10},"end":{"line":139,"column":68}},"46":{"start":{"line":140,"column":10},"end":{"line":143,"column":12}},"47":{"start":{"line":144,"column":10},"end":{"line":144,"column":72}},"48":{"start":{"line":146,"column":10},"end":{"line":146,"column":68}},"49":{"start":{"line":147,"column":10},"end":{"line":147,"column":20}},"50":{"start":{"line":159,"column":21},"end":{"line":159,"column":41}},"51":{"start":{"line":160,"column":17},"end":{"line":160,"column":31}},"52":{"start":{"line":163,"column":24},"end":{"line":163,"column":38}},"53":{"start":{"line":164,"column":4},"end":{"line":164,"column":34}},"54":{"start":{"line":165,"column":4},"end":{"line":165,"column":27}},"55":{"start":{"line":167,"column":4},"end":{"line":170,"column":7}},"56":{"start":{"line":171,"column":4},"end":{"line":171,"column":51}},"57":{"start":{"line":172,"column":4},"end":{"line":172,"column":51}},"58":{"start":{"line":173,"column":4},"end":{"line":173,"column":47}},"59":{"start":{"line":175,"column":4},"end":{"line":230,"column":5}},"60":{"start":{"line":178,"column":23},"end":{"line":190,"column":7}},"61":{"start":{"line":191,"column":6},"end":{"line":194,"column":8}},"62":{"start":{"line":197,"column":6},"end":{"line":229,"column":7}},"63":{"start":{"line":201,"column":8},"end":{"line":204,"column":10}},"64":{"start":{"line":205,"column":13},"end":{"line":229,"column":7}},"65":{"start":{"line":209,"column":8},"end":{"line":212,"column":10}},"66":{"start":{"line":213,"column":13},"end":{"line":229,"column":7}},"67":{"start":{"line":215,"column":8},"end":{"line":220,"column":10}},"68":{"start":{"line":223,"column":8},"end":{"line":228,"column":10}},"69":{"start":{"line":238,"column":4},"end":{"line":754,"column":7}},"70":{"start":{"line":239,"column":17},"end":{"line":239,"column":30}},"71":{"start":{"line":240,"column":21},"end":{"line":240,"column":61}},"72":{"start":{"line":243,"column":6},"end":{"line":245,"column":7}},"73":{"start":{"line":244,"column":8},"end":{"line":244,"column":50}},"74":{"start":{"line":247,"column":27},"end":{"line":247,"column":75}},"75":{"start":{"line":248,"column":23},"end":{"line":248,"column":24}},"76":{"start":{"line":249,"column":25},"end":{"line":249,"column":35}},"77":{"start":{"line":250,"column":30},"end":{"line":250,"column":39}},"78":{"start":{"line":251,"column":30},"end":{"line":251,"column":39}},"79":{"start":{"line":252,"column":28},"end":{"line":252,"column":37}},"80":{"start":{"line":255,"column":30},"end":{"line":281,"column":15}},"81":{"start":{"line":256,"column":20},"end":{"line":256,"column":30}},"82":{"start":{"line":257,"column":23},"end":{"line":257,"column":28}},"83":{"start":{"line":259,"column":8},"end":{"line":280,"column":9}},"84":{"start":{"line":260,"column":10},"end":{"line":279,"column":11}},"85":{"start":{"line":261,"column":12},"end":{"line":278,"column":13}},"86":{"start":{"line":262,"column":14},"end":{"line":268,"column":15}},"87":{"start":{"line":263,"column":16},"end":{"line":263,"column":40}},"88":{"start":{"line":264,"column":16},"end":{"line":264,"column":47}},"89":{"start":{"line":267,"column":16},"end":{"line":267,"column":47}},"90":{"start":{"line":270,"column":14},"end":{"line":277,"column":15}},"91":{"start":{"line":275,"column":16},"end":{"line":275,"column":47}},"92":{"start":{"line":284,"column":6},"end":{"line":284,"column":50}},"93":{"start":{"line":288,"column":6},"end":{"line":359,"column":11}},"94":{"start":{"line":326,"column":10},"end":{"line":326,"column":63}},"95":{"start":{"line":329,"column":10},"end":{"line":329,"column":64}},"96":{"start":{"line":330,"column":10},"end":{"line":330,"column":35}},"97":{"start":{"line":331,"column":10},"end":{"line":331,"column":20}},"98":{"start":{"line":334,"column":10},"end":{"line":348,"column":11}},"99":{"start":{"line":338,"column":12},"end":{"line":338,"column":76}},"100":{"start":{"line":339,"column":12},"end":{"line":339,"column":37}},"101":{"start":{"line":340,"column":12},"end":{"line":340,"column":22}},"102":{"start":{"line":342,"column":12},"end":{"line":342,"column":66}},"103":{"start":{"line":344,"column":12},"end":{"line":346,"column":13}},"104":{"start":{"line":345,"column":14},"end":{"line":345,"column":68}},"105":{"start":{"line":347,"column":12},"end":{"line":347,"column":24}},"106":{"start":{"line":352,"column":10},"end":{"line":354,"column":11}},"107":{"start":{"line":353,"column":12},"end":{"line":353,"column":65}},"108":{"start":{"line":362,"column":30},"end":{"line":362,"column":31}},"109":{"start":{"line":363,"column":33},"end":{"line":363,"column":38}},"110":{"start":{"line":365,"column":32},"end":{"line":748,"column":14}},"111":{"start":{"line":368,"column":29},"end":{"line":368,"column":33}},"112":{"start":{"line":369,"column":25},"end":{"line":369,"column":29}},"113":{"start":{"line":370,"column":32},"end":{"line":370,"column":40}},"114":{"start":{"line":371,"column":28},"end":{"line":371,"column":30}},"115":{"start":{"line":372,"column":27},"end":{"line":372,"column":29}},"116":{"start":{"line":374,"column":8},"end":{"line":508,"column":9}},"117":{"start":{"line":376,"column":24},"end":{"line":376,"column":46}},"118":{"start":{"line":379,"column":35},"end":{"line":381,"column":11}},"119":{"start":{"line":384,"column":30},"end":{"line":384,"column":32}},"120":{"start":{"line":386,"column":10},"end":{"line":440,"column":11}},"121":{"start":{"line":387,"column":26},"end":{"line":387,"column":54}},"122":{"start":{"line":388,"column":12},"end":{"line":390,"column":13}},"123":{"start":{"line":389,"column":14},"end":{"line":389,"column":23}},"124":{"start":{"line":392,"column":32},"end":{"line":392,"column":54}},"125":{"start":{"line":393,"column":29},"end":{"line":396,"column":15}},"126":{"start":{"line":399,"column":12},"end":{"line":404,"column":15}},"127":{"start":{"line":407,"column":12},"end":{"line":410,"column":13}},"128":{"start":{"line":408,"column":14},"end":{"line":408,"column":78}},"129":{"start":{"line":409,"column":14},"end":{"line":409,"column":23}},"130":{"start":{"line":413,"column":12},"end":{"line":416,"column":13}},"131":{"start":{"line":414,"column":14},"end":{"line":414,"column":75}},"132":{"start":{"line":415,"column":14},"end":{"line":415,"column":23}},"133":{"start":{"line":419,"column":30},"end":{"line":419,"column":53}},"134":{"start":{"line":420,"column":12},"end":{"line":439,"column":13}},"135":{"start":{"line":421,"column":14},"end":{"line":438,"column":15}},"136":{"start":{"line":422,"column":33},"end":{"line":422,"column":60}},"137":{"start":{"line":423,"column":16},"end":{"line":432,"column":17}},"138":{"start":{"line":424,"column":18},"end":{"line":429,"column":21}},"139":{"start":{"line":431,"column":18},"end":{"line":431,"column":78}},"140":{"start":{"line":434,"column":16},"end":{"line":437,"column":19}},"141":{"start":{"line":444,"column":10},"end":{"line":449,"column":11}},"142":{"start":{"line":445,"column":12},"end":{"line":445,"column":60}},"143":{"start":{"line":445,"column":39},"end":{"line":445,"column":58}},"144":{"start":{"line":446,"column":30},"end":{"line":446,"column":44}},"145":{"start":{"line":447,"column":12},"end":{"line":447,"column":46}},"146":{"start":{"line":448,"column":12},"end":{"line":448,"column":40}},"147":{"start":{"line":452,"column":22},"end":{"line":452,"column":32}},"148":{"start":{"line":453,"column":10},"end":{"line":500,"column":11}},"149":{"start":{"line":454,"column":34},"end":{"line":460,"column":36}},"150":{"start":{"line":456,"column":30},"end":{"line":456,"column":44}},"151":{"start":{"line":457,"column":16},"end":{"line":457,"column":57}},"152":{"start":{"line":459,"column":29},"end":{"line":459,"column":39}},"153":{"start":{"line":460,"column":30},"end":{"line":460,"column":35}},"154":{"start":{"line":462,"column":31},"end":{"line":468,"column":36}},"155":{"start":{"line":464,"column":30},"end":{"line":464,"column":44}},"156":{"start":{"line":465,"column":16},"end":{"line":465,"column":57}},"157":{"start":{"line":467,"column":29},"end":{"line":467,"column":39}},"158":{"start":{"line":468,"column":30},"end":{"line":468,"column":35}},"159":{"start":{"line":470,"column":12},"end":{"line":482,"column":14}},"160":{"start":{"line":485,"column":12},"end":{"line":497,"column":13}},"161":{"start":{"line":488,"column":14},"end":{"line":491,"column":16}},"162":{"start":{"line":493,"column":14},"end":{"line":496,"column":16}},"163":{"start":{"line":499,"column":12},"end":{"line":499,"column":36}},"164":{"start":{"line":503,"column":10},"end":{"line":506,"column":12}},"165":{"start":{"line":507,"column":10},"end":{"line":507,"column":17}},"166":{"start":{"line":511,"column":8},"end":{"line":514,"column":9}},"167":{"start":{"line":513,"column":10},"end":{"line":513,"column":17}},"168":{"start":{"line":516,"column":30},"end":{"line":516,"column":40}},"169":{"start":{"line":517,"column":25},"end":{"line":520,"column":11}},"170":{"start":{"line":523,"column":8},"end":{"line":523,"column":38}},"171":{"start":{"line":525,"column":31},"end":{"line":527,"column":9}},"172":{"start":{"line":528,"column":29},"end":{"line":530,"column":9}},"173":{"start":{"line":532,"column":8},"end":{"line":731,"column":9}},"174":{"start":{"line":536,"column":29},"end":{"line":536,"column":31}},"175":{"start":{"line":537,"column":28},"end":{"line":537,"column":29}},"176":{"start":{"line":538,"column":30},"end":{"line":538,"column":34}},"177":{"start":{"line":539,"column":28},"end":{"line":539,"column":38}},"178":{"start":{"line":540,"column":31},"end":{"line":540,"column":36}},"179":{"start":{"line":542,"column":10},"end":{"line":597,"column":11}},"180":{"start":{"line":543,"column":12},"end":{"line":547,"column":13}},"181":{"start":{"line":545,"column":14},"end":{"line":545,"column":47}},"182":{"start":{"line":546,"column":14},"end":{"line":546,"column":21}},"183":{"start":{"line":550,"column":30},"end":{"line":550,"column":32}},"184":{"start":{"line":551,"column":29},"end":{"line":551,"column":30}},"185":{"start":{"line":552,"column":31},"end":{"line":552,"column":32}},"186":{"start":{"line":554,"column":12},"end":{"line":582,"column":13}},"187":{"start":{"line":555,"column":14},"end":{"line":581,"column":15}},"188":{"start":{"line":556,"column":16},"end":{"line":556,"column":62}},"189":{"start":{"line":557,"column":16},"end":{"line":557,"column":38}},"190":{"start":{"line":559,"column":16},"end":{"line":580,"column":17}},"191":{"start":{"line":561,"column":18},"end":{"line":561,"column":31}},"192":{"start":{"line":562,"column":18},"end":{"line":572,"column":19}},"193":{"start":{"line":563,"column":20},"end":{"line":565,"column":22}},"194":{"start":{"line":564,"column":22},"end":{"line":564,"column":59}},"195":{"start":{"line":567,"column":20},"end":{"line":569,"column":22}},"196":{"start":{"line":570,"column":20},"end":{"line":570,"column":53}},"197":{"start":{"line":571,"column":20},"end":{"line":571,"column":27}},"198":{"start":{"line":575,"column":18},"end":{"line":577,"column":20}},"199":{"start":{"line":578,"column":18},"end":{"line":578,"column":51}},"200":{"start":{"line":579,"column":18},"end":{"line":579,"column":25}},"201":{"start":{"line":585,"column":12},"end":{"line":593,"column":13}},"202":{"start":{"line":586,"column":14},"end":{"line":586,"column":28}},"203":{"start":{"line":587,"column":14},"end":{"line":590,"column":15}},"204":{"start":{"line":589,"column":16},"end":{"line":589,"column":22}},"205":{"start":{"line":592,"column":14},"end":{"line":592,"column":30}},"206":{"start":{"line":595,"column":12},"end":{"line":595,"column":39}},"207":{"start":{"line":596,"column":12},"end":{"line":596,"column":69}},"208":{"start":{"line":596,"column":43},"end":{"line":596,"column":67}},"209":{"start":{"line":600,"column":10},"end":{"line":607,"column":11}},"210":{"start":{"line":601,"column":12},"end":{"line":604,"column":14}},"211":{"start":{"line":605,"column":12},"end":{"line":605,"column":45}},"212":{"start":{"line":606,"column":12},"end":{"line":606,"column":19}},"213":{"start":{"line":610,"column":26},"end":{"line":610,"column":27}},"214":{"start":{"line":611,"column":10},"end":{"line":622,"column":11}},"215":{"start":{"line":612,"column":12},"end":{"line":612,"column":56}},"216":{"start":{"line":614,"column":12},"end":{"line":619,"column":14}},"217":{"start":{"line":620,"column":12},"end":{"line":620,"column":45}},"218":{"start":{"line":621,"column":12},"end":{"line":621,"column":19}},"219":{"start":{"line":623,"column":10},"end":{"line":636,"column":11}},"220":{"start":{"line":624,"column":12},"end":{"line":627,"column":14}},"221":{"start":{"line":629,"column":12},"end":{"line":629,"column":42}},"222":{"start":{"line":631,"column":12},"end":{"line":631,"column":57}},"223":{"start":{"line":633,"column":12},"end":{"line":633,"column":66}},"224":{"start":{"line":634,"column":12},"end":{"line":634,"column":45}},"225":{"start":{"line":635,"column":12},"end":{"line":635,"column":19}},"226":{"start":{"line":639,"column":28},"end":{"line":639,"column":32}},"227":{"start":{"line":640,"column":10},"end":{"line":657,"column":11}},"228":{"start":{"line":641,"column":12},"end":{"line":641,"column":57}},"229":{"start":{"line":643,"column":12},"end":{"line":653,"column":13}},"230":{"start":{"line":644,"column":14},"end":{"line":647,"column":16}},"231":{"start":{"line":649,"column":14},"end":{"line":652,"column":16}},"232":{"start":{"line":655,"column":12},"end":{"line":655,"column":45}},"233":{"start":{"line":656,"column":12},"end":{"line":656,"column":19}},"234":{"start":{"line":660,"column":10},"end":{"line":669,"column":11}},"235":{"start":{"line":661,"column":12},"end":{"line":664,"column":14}},"236":{"start":{"line":665,"column":12},"end":{"line":665,"column":42}},"237":{"start":{"line":666,"column":12},"end":{"line":666,"column":66}},"238":{"start":{"line":667,"column":12},"end":{"line":667,"column":45}},"239":{"start":{"line":668,"column":12},"end":{"line":668,"column":19}},"240":{"start":{"line":671,"column":10},"end":{"line":676,"column":12}},"241":{"start":{"line":679,"column":10},"end":{"line":679,"column":40}},"242":{"start":{"line":683,"column":10},"end":{"line":687,"column":13}},"243":{"start":{"line":692,"column":10},"end":{"line":692,"column":55}},"244":{"start":{"line":697,"column":10},"end":{"line":697,"column":64}},"245":{"start":{"line":700,"column":10},"end":{"line":700,"column":43}},"246":{"start":{"line":702,"column":10},"end":{"line":705,"column":12}},"247":{"start":{"line":710,"column":12},"end":{"line":713,"column":44}},"248":{"start":{"line":715,"column":10},"end":{"line":724,"column":11}},"249":{"start":{"line":717,"column":12},"end":{"line":717,"column":42}},"250":{"start":{"line":718,"column":12},"end":{"line":718,"column":66}},"251":{"start":{"line":720,"column":12},"end":{"line":723,"column":14}},"252":{"start":{"line":727,"column":10},"end":{"line":727,"column":55}},"253":{"start":{"line":730,"column":10},"end":{"line":730,"column":43}},"254":{"start":{"line":734,"column":8},"end":{"line":737,"column":9}},"255":{"start":{"line":735,"column":10},"end":{"line":735,"column":43}},"256":{"start":{"line":736,"column":10},"end":{"line":736,"column":41}},"257":{"start":{"line":740,"column":8},"end":{"line":747,"column":9}},"258":{"start":{"line":741,"column":10},"end":{"line":746,"column":12}},"259":{"start":{"line":751,"column":6},"end":{"line":751,"column":49}},"260":{"start":{"line":753,"column":6},"end":{"line":753,"column":31}},"261":{"start":{"line":762,"column":4},"end":{"line":765,"column":5}},"262":{"start":{"line":763,"column":6},"end":{"line":763,"column":77}},"263":{"start":{"line":764,"column":6},"end":{"line":764,"column":13}},"264":{"start":{"line":768,"column":4},"end":{"line":768,"column":78}},"265":{"start":{"line":769,"column":4},"end":{"line":779,"column":5}},"266":{"start":{"line":770,"column":6},"end":{"line":773,"column":8}},"267":{"start":{"line":775,"column":6},"end":{"line":778,"column":8}},"268":{"start":{"line":782,"column":22},"end":{"line":782,"column":70}},"269":{"start":{"line":783,"column":4},"end":{"line":790,"column":5}},"270":{"start":{"line":784,"column":6},"end":{"line":787,"column":8}},"271":{"start":{"line":789,"column":6},"end":{"line":789,"column":13}},"272":{"start":{"line":793,"column":4},"end":{"line":793,"column":58}},"273":{"start":{"line":802,"column":4},"end":{"line":805,"column":5}},"274":{"start":{"line":803,"column":6},"end":{"line":803,"column":60}},"275":{"start":{"line":804,"column":6},"end":{"line":804,"column":13}},"276":{"start":{"line":808,"column":4},"end":{"line":810,"column":5}},"277":{"start":{"line":809,"column":6},"end":{"line":809,"column":80}},"278":{"start":{"line":812,"column":4},"end":{"line":812,"column":28}},"279":{"start":{"line":813,"column":4},"end":{"line":813,"column":44}},"280":{"start":{"line":814,"column":4},"end":{"line":814,"column":68}},"281":{"start":{"line":816,"column":4},"end":{"line":823,"column":5}},"282":{"start":{"line":818,"column":6},"end":{"line":818,"column":51}},"283":{"start":{"line":820,"column":6},"end":{"line":820,"column":70}},"284":{"start":{"line":821,"column":6},"end":{"line":821,"column":31}},"285":{"start":{"line":822,"column":6},"end":{"line":822,"column":18}},"286":{"start":{"line":830,"column":4},"end":{"line":832,"column":5}},"287":{"start":{"line":831,"column":6},"end":{"line":831,"column":13}},"288":{"start":{"line":834,"column":4},"end":{"line":834,"column":54}},"289":{"start":{"line":837,"column":4},"end":{"line":840,"column":5}},"290":{"start":{"line":838,"column":6},"end":{"line":838,"column":44}},"291":{"start":{"line":839,"column":6},"end":{"line":839,"column":36}},"292":{"start":{"line":843,"column":4},"end":{"line":846,"column":5}},"293":{"start":{"line":844,"column":6},"end":{"line":844,"column":47}},"294":{"start":{"line":845,"column":6},"end":{"line":845,"column":39}},"295":{"start":{"line":849,"column":4},"end":{"line":856,"column":5}},"296":{"start":{"line":850,"column":6},"end":{"line":854,"column":7}},"297":{"start":{"line":851,"column":8},"end":{"line":851,"column":43}},"298":{"start":{"line":853,"column":8},"end":{"line":853,"column":72}},"299":{"start":{"line":855,"column":6},"end":{"line":855,"column":32}},"300":{"start":{"line":858,"column":4},"end":{"line":858,"column":29}},"301":{"start":{"line":859,"column":4},"end":{"line":859,"column":50}},"302":{"start":{"line":864,"column":0},"end":{"line":864,"column":30}}},"fnMap":{"0":{"name":"(anonymous_0)","decl":{"start":{"line":27,"column":2},"end":{"line":27,"column":3}},"loc":{"start":{"line":27,"column":22},"end":{"line":57,"column":3}},"line":27},"1":{"name":"(anonymous_1)","decl":{"start":{"line":62,"column":2},"end":{"line":62,"column":3}},"loc":{"start":{"line":62,"column":33},"end":{"line":128,"column":3}},"line":62},"2":{"name":"(anonymous_2)","decl":{"start":{"line":64,"column":39},"end":{"line":64,"column":40}},"loc":{"start":{"line":64,"column":55},"end":{"line":109,"column":5}},"line":64},"3":{"name":"(anonymous_3)","decl":{"start":{"line":112,"column":43},"end":{"line":112,"column":44}},"loc":{"start":{"line":112,"column":53},"end":{"line":117,"column":5}},"line":112},"4":{"name":"(anonymous_4)","decl":{"start":{"line":120,"column":42},"end":{"line":120,"column":43}},"loc":{"start":{"line":120,"column":52},"end":{"line":127,"column":5}},"line":120},"5":{"name":"(anonymous_5)","decl":{"start":{"line":134,"column":2},"end":{"line":134,"column":3}},"loc":{"start":{"line":134,"column":15},"end":{"line":151,"column":3}},"line":134},"6":{"name":"(anonymous_6)","decl":{"start":{"line":136,"column":23},"end":{"line":136,"column":24}},"loc":{"start":{"line":136,"column":44},"end":{"line":150,"column":5}},"line":136},"7":{"name":"(anonymous_7)","decl":{"start":{"line":137,"column":34},"end":{"line":137,"column":35}},"loc":{"start":{"line":137,"column":53},"end":{"line":149,"column":7}},"line":137},"8":{"name":"(anonymous_8)","decl":{"start":{"line":158,"column":2},"end":{"line":158,"column":3}},"loc":{"start":{"line":158,"column":50},"end":{"line":231,"column":3}},"line":158},"9":{"name":"(anonymous_9)","decl":{"start":{"line":237,"column":2},"end":{"line":237,"column":3}},"loc":{"start":{"line":237,"column":33},"end":{"line":755,"column":3}},"line":237},"10":{"name":"(anonymous_10)","decl":{"start":{"line":238,"column":23},"end":{"line":238,"column":24}},"loc":{"start":{"line":238,"column":44},"end":{"line":754,"column":5}},"line":238},"11":{"name":"(anonymous_11)","decl":{"start":{"line":255,"column":42},"end":{"line":255,"column":43}},"loc":{"start":{"line":255,"column":48},"end":{"line":281,"column":7}},"line":255},"12":{"name":"(anonymous_12)","decl":{"start":{"line":325,"column":21},"end":{"line":325,"column":22}},"loc":{"start":{"line":325,"column":38},"end":{"line":327,"column":9}},"line":325},"13":{"name":"(anonymous_13)","decl":{"start":{"line":328,"column":19},"end":{"line":328,"column":20}},"loc":{"start":{"line":328,"column":25},"end":{"line":332,"column":9}},"line":328},"14":{"name":"(anonymous_14)","decl":{"start":{"line":333,"column":21},"end":{"line":333,"column":22}},"loc":{"start":{"line":333,"column":30},"end":{"line":349,"column":9}},"line":333},"15":{"name":"(anonymous_15)","decl":{"start":{"line":350,"column":22},"end":{"line":350,"column":23}},"loc":{"start":{"line":350,"column":38},"end":{"line":355,"column":9}},"line":350},"16":{"name":"(anonymous_16)","decl":{"start":{"line":356,"column":24},"end":{"line":356,"column":25}},"loc":{"start":{"line":356,"column":44},"end":{"line":359,"column":9}},"line":356},"17":{"name":"(anonymous_17)","decl":{"start":{"line":365,"column":44},"end":{"line":365,"column":45}},"loc":{"start":{"line":365,"column":56},"end":{"line":748,"column":7}},"line":365},"18":{"name":"(anonymous_18)","decl":{"start":{"line":445,"column":29},"end":{"line":445,"column":30}},"loc":{"start":{"line":445,"column":39},"end":{"line":445,"column":58}},"line":445},"19":{"name":"(anonymous_19)","decl":{"start":{"line":455,"column":19},"end":{"line":455,"column":20}},"loc":{"start":{"line":455,"column":26},"end":{"line":458,"column":15}},"line":455},"20":{"name":"(anonymous_20)","decl":{"start":{"line":459,"column":22},"end":{"line":459,"column":23}},"loc":{"start":{"line":459,"column":29},"end":{"line":459,"column":39}},"line":459},"21":{"name":"(anonymous_21)","decl":{"start":{"line":460,"column":20},"end":{"line":460,"column":21}},"loc":{"start":{"line":460,"column":30},"end":{"line":460,"column":35}},"line":460},"22":{"name":"(anonymous_22)","decl":{"start":{"line":463,"column":19},"end":{"line":463,"column":20}},"loc":{"start":{"line":463,"column":26},"end":{"line":466,"column":15}},"line":463},"23":{"name":"(anonymous_23)","decl":{"start":{"line":467,"column":22},"end":{"line":467,"column":23}},"loc":{"start":{"line":467,"column":29},"end":{"line":467,"column":39}},"line":467},"24":{"name":"(anonymous_24)","decl":{"start":{"line":468,"column":20},"end":{"line":468,"column":21}},"loc":{"start":{"line":468,"column":30},"end":{"line":468,"column":35}},"line":468},"25":{"name":"(anonymous_25)","decl":{"start":{"line":563,"column":38},"end":{"line":563,"column":39}},"loc":{"start":{"line":564,"column":22},"end":{"line":564,"column":59}},"line":564},"26":{"name":"(anonymous_26)","decl":{"start":{"line":596,"column":30},"end":{"line":596,"column":31}},"loc":{"start":{"line":596,"column":43},"end":{"line":596,"column":67}},"line":596},"27":{"name":"(anonymous_27)","decl":{"start":{"line":761,"column":2},"end":{"line":761,"column":3}},"loc":{"start":{"line":761,"column":32},"end":{"line":794,"column":3}},"line":761},"28":{"name":"(anonymous_28)","decl":{"start":{"line":801,"column":2},"end":{"line":801,"column":3}},"loc":{"start":{"line":801,"column":51},"end":{"line":824,"column":3}},"line":801},"29":{"name":"(anonymous_29)","decl":{"start":{"line":829,"column":2},"end":{"line":829,"column":3}},"loc":{"start":{"line":829,"column":22},"end":{"line":860,"column":3}},"line":829}},"branchMap":{"0":{"loc":{"start":{"line":39,"column":28},"end":{"line":39,"column":78}},"type":"binary-expr","locations":[{"start":{"line":39,"column":28},"end":{"line":39,"column":51}},{"start":{"line":39,"column":55},"end":{"line":39,"column":78}}],"line":39},"1":{"loc":{"start":{"line":42,"column":4},"end":{"line":44,"column":5}},"type":"if","locations":[{"start":{"line":42,"column":4},"end":{"line":44,"column":5}},{"start":{},"end":{}}],"line":42},"2":{"loc":{"start":{"line":46,"column":24},"end":{"line":46,"column":49}},"type":"binary-expr","locations":[{"start":{"line":46,"column":24},"end":{"line":46,"column":43}},{"start":{"line":46,"column":47},"end":{"line":46,"column":49}}],"line":46},"3":{"loc":{"start":{"line":47,"column":22},"end":{"line":47,"column":48}},"type":"binary-expr","locations":[{"start":{"line":47,"column":22},"end":{"line":47,"column":39}},{"start":{"line":47,"column":43},"end":{"line":47,"column":48}}],"line":47},"4":{"loc":{"start":{"line":48,"column":25},"end":{"line":48,"column":45}},"type":"binary-expr","locations":[{"start":{"line":48,"column":25},"end":{"line":48,"column":40}},{"start":{"line":48,"column":44},"end":{"line":48,"column":45}}],"line":48},"5":{"loc":{"start":{"line":68,"column":6},"end":{"line":70,"column":7}},"type":"if","locations":[{"start":{"line":68,"column":6},"end":{"line":70,"column":7}},{"start":{},"end":{}}],"line":68},"6":{"loc":{"start":{"line":73,"column":6},"end":{"line":99,"column":7}},"type":"if","locations":[{"start":{"line":73,"column":6},"end":{"line":99,"column":7}},{"start":{"line":79,"column":13},"end":{"line":99,"column":7}}],"line":73},"7":{"loc":{"start":{"line":88,"column":8},"end":{"line":98,"column":9}},"type":"if","locations":[{"start":{"line":88,"column":8},"end":{"line":98,"column":9}},{"start":{"line":93,"column":15},"end":{"line":98,"column":9}}],"line":88},"8":{"loc":{"start":{"line":102,"column":6},"end":{"line":108,"column":7}},"type":"if","locations":[{"start":{"line":102,"column":6},"end":{"line":108,"column":7}},{"start":{},"end":{}}],"line":102},"9":{"loc":{"start":{"line":113,"column":6},"end":{"line":116,"column":7}},"type":"if","locations":[{"start":{"line":113,"column":6},"end":{"line":116,"column":7}},{"start":{},"end":{}}],"line":113},"10":{"loc":{"start":{"line":121,"column":6},"end":{"line":126,"column":7}},"type":"if","locations":[{"start":{"line":121,"column":6},"end":{"line":126,"column":7}},{"start":{},"end":{}}],"line":121},"11":{"loc":{"start":{"line":138,"column":8},"end":{"line":148,"column":9}},"type":"if","locations":[{"start":{"line":138,"column":8},"end":{"line":148,"column":9}},{"start":{"line":145,"column":15},"end":{"line":148,"column":9}}],"line":138},"12":{"loc":{"start":{"line":197,"column":6},"end":{"line":229,"column":7}},"type":"if","locations":[{"start":{"line":197,"column":6},"end":{"line":229,"column":7}},{"start":{"line":205,"column":13},"end":{"line":229,"column":7}}],"line":197},"13":{"loc":{"start":{"line":198,"column":8},"end":{"line":199,"column":60}},"type":"binary-expr","locations":[{"start":{"line":198,"column":8},"end":{"line":198,"column":37}},{"start":{"line":199,"column":9},"end":{"line":199,"column":22}},{"start":{"line":199,"column":26},"end":{"line":199,"column":59}}],"line":198},"14":{"loc":{"start":{"line":205,"column":13},"end":{"line":229,"column":7}},"type":"if","locations":[{"start":{"line":205,"column":13},"end":{"line":229,"column":7}},{"start":{"line":213,"column":13},"end":{"line":229,"column":7}}],"line":205},"15":{"loc":{"start":{"line":206,"column":8},"end":{"line":207,"column":67}},"type":"binary-expr","locations":[{"start":{"line":206,"column":8},"end":{"line":206,"column":35}},{"start":{"line":207,"column":9},"end":{"line":207,"column":22}},{"start":{"line":207,"column":26},"end":{"line":207,"column":66}}],"line":206},"16":{"loc":{"start":{"line":213,"column":13},"end":{"line":229,"column":7}},"type":"if","locations":[{"start":{"line":213,"column":13},"end":{"line":229,"column":7}},{"start":{"line":221,"column":13},"end":{"line":229,"column":7}}],"line":213},"17":{"loc":{"start":{"line":217,"column":12},"end":{"line":217,"column":68}},"type":"binary-expr","locations":[{"start":{"line":217,"column":12},"end":{"line":217,"column":39}},{"start":{"line":217,"column":43},"end":{"line":217,"column":68}}],"line":217},"18":{"loc":{"start":{"line":225,"column":12},"end":{"line":225,"column":35}},"type":"binary-expr","locations":[{"start":{"line":225,"column":12},"end":{"line":225,"column":22}},{"start":{"line":225,"column":26},"end":{"line":225,"column":35}}],"line":225},"19":{"loc":{"start":{"line":243,"column":6},"end":{"line":245,"column":7}},"type":"if","locations":[{"start":{"line":243,"column":6},"end":{"line":245,"column":7}},{"start":{},"end":{}}],"line":243},"20":{"loc":{"start":{"line":260,"column":10},"end":{"line":279,"column":11}},"type":"if","locations":[{"start":{"line":260,"column":10},"end":{"line":279,"column":11}},{"start":{},"end":{}}],"line":260},"21":{"loc":{"start":{"line":262,"column":14},"end":{"line":268,"column":15}},"type":"if","locations":[{"start":{"line":262,"column":14},"end":{"line":268,"column":15}},{"start":{"line":266,"column":21},"end":{"line":268,"column":15}}],"line":262},"22":{"loc":{"start":{"line":270,"column":14},"end":{"line":277,"column":15}},"type":"if","locations":[{"start":{"line":270,"column":14},"end":{"line":277,"column":15}},{"start":{"line":273,"column":21},"end":{"line":277,"column":15}}],"line":270},"23":{"loc":{"start":{"line":334,"column":10},"end":{"line":348,"column":11}},"type":"if","locations":[{"start":{"line":334,"column":10},"end":{"line":348,"column":11}},{"start":{"line":341,"column":17},"end":{"line":348,"column":11}}],"line":334},"24":{"loc":{"start":{"line":335,"column":12},"end":{"line":336,"column":45}},"type":"binary-expr","locations":[{"start":{"line":335,"column":12},"end":{"line":335,"column":46}},{"start":{"line":336,"column":12},"end":{"line":336,"column":45}}],"line":335},"25":{"loc":{"start":{"line":344,"column":12},"end":{"line":346,"column":13}},"type":"if","locations":[{"start":{"line":344,"column":12},"end":{"line":346,"column":13}},{"start":{},"end":{}}],"line":344},"26":{"loc":{"start":{"line":352,"column":10},"end":{"line":354,"column":11}},"type":"if","locations":[{"start":{"line":352,"column":10},"end":{"line":354,"column":11}},{"start":{},"end":{}}],"line":352},"27":{"loc":{"start":{"line":352,"column":14},"end":{"line":352,"column":74}},"type":"binary-expr","locations":[{"start":{"line":352,"column":14},"end":{"line":352,"column":42}},{"start":{"line":352,"column":46},"end":{"line":352,"column":74}}],"line":352},"28":{"loc":{"start":{"line":388,"column":12},"end":{"line":390,"column":13}},"type":"if","locations":[{"start":{"line":388,"column":12},"end":{"line":390,"column":13}},{"start":{},"end":{}}],"line":388},"29":{"loc":{"start":{"line":407,"column":12},"end":{"line":410,"column":13}},"type":"if","locations":[{"start":{"line":407,"column":12},"end":{"line":410,"column":13}},{"start":{},"end":{}}],"line":407},"30":{"loc":{"start":{"line":413,"column":12},"end":{"line":416,"column":13}},"type":"if","locations":[{"start":{"line":413,"column":12},"end":{"line":416,"column":13}},{"start":{},"end":{}}],"line":413},"31":{"loc":{"start":{"line":420,"column":12},"end":{"line":439,"column":13}},"type":"if","locations":[{"start":{"line":420,"column":12},"end":{"line":439,"column":13}},{"start":{},"end":{}}],"line":420},"32":{"loc":{"start":{"line":423,"column":16},"end":{"line":432,"column":17}},"type":"if","locations":[{"start":{"line":423,"column":16},"end":{"line":432,"column":17}},{"start":{"line":430,"column":23},"end":{"line":432,"column":17}}],"line":423},"33":{"loc":{"start":{"line":444,"column":10},"end":{"line":449,"column":11}},"type":"if","locations":[{"start":{"line":444,"column":10},"end":{"line":449,"column":11}},{"start":{},"end":{}}],"line":444},"34":{"loc":{"start":{"line":453,"column":10},"end":{"line":500,"column":11}},"type":"if","locations":[{"start":{"line":453,"column":10},"end":{"line":500,"column":11}},{"start":{},"end":{}}],"line":453},"35":{"loc":{"start":{"line":457,"column":23},"end":{"line":457,"column":56}},"type":"cond-expr","locations":[{"start":{"line":457,"column":31},"end":{"line":457,"column":49}},{"start":{"line":457,"column":52},"end":{"line":457,"column":56}}],"line":457},"36":{"loc":{"start":{"line":465,"column":23},"end":{"line":465,"column":56}},"type":"cond-expr","locations":[{"start":{"line":465,"column":31},"end":{"line":465,"column":49}},{"start":{"line":465,"column":52},"end":{"line":465,"column":56}}],"line":465},"37":{"loc":{"start":{"line":476,"column":18},"end":{"line":476,"column":80}},"type":"cond-expr","locations":[{"start":{"line":476,"column":45},"end":{"line":476,"column":71}},{"start":{"line":476,"column":74},"end":{"line":476,"column":80}}],"line":476},"38":{"loc":{"start":{"line":479,"column":18},"end":{"line":479,"column":67}},"type":"cond-expr","locations":[{"start":{"line":479,"column":44},"end":{"line":479,"column":58}},{"start":{"line":479,"column":61},"end":{"line":479,"column":67}}],"line":479},"39":{"loc":{"start":{"line":485,"column":12},"end":{"line":497,"column":13}},"type":"if","locations":[{"start":{"line":485,"column":12},"end":{"line":497,"column":13}},{"start":{"line":492,"column":19},"end":{"line":497,"column":13}}],"line":485},"40":{"loc":{"start":{"line":511,"column":8},"end":{"line":514,"column":9}},"type":"if","locations":[{"start":{"line":511,"column":8},"end":{"line":514,"column":9}},{"start":{},"end":{}}],"line":511},"41":{"loc":{"start":{"line":511,"column":12},"end":{"line":511,"column":50}},"type":"binary-expr","locations":[{"start":{"line":511,"column":12},"end":{"line":511,"column":23}},{"start":{"line":511,"column":27},"end":{"line":511,"column":50}}],"line":511},"42":{"loc":{"start":{"line":543,"column":12},"end":{"line":547,"column":13}},"type":"if","locations":[{"start":{"line":543,"column":12},"end":{"line":547,"column":13}},{"start":{},"end":{}}],"line":543},"43":{"loc":{"start":{"line":554,"column":19},"end":{"line":554,"column":64}},"type":"binary-expr","locations":[{"start":{"line":554,"column":19},"end":{"line":554,"column":42}},{"start":{"line":554,"column":46},"end":{"line":554,"column":64}}],"line":554},"44":{"loc":{"start":{"line":559,"column":16},"end":{"line":580,"column":17}},"type":"if","locations":[{"start":{"line":559,"column":16},"end":{"line":580,"column":17}},{"start":{"line":573,"column":23},"end":{"line":580,"column":17}}],"line":559},"45":{"loc":{"start":{"line":559,"column":20},"end":{"line":559,"column":77}},"type":"binary-expr","locations":[{"start":{"line":559,"column":20},"end":{"line":559,"column":46}},{"start":{"line":559,"column":50},"end":{"line":559,"column":77}}],"line":559},"46":{"loc":{"start":{"line":562,"column":18},"end":{"line":572,"column":19}},"type":"if","locations":[{"start":{"line":562,"column":18},"end":{"line":572,"column":19}},{"start":{"line":566,"column":25},"end":{"line":572,"column":19}}],"line":562},"47":{"loc":{"start":{"line":585,"column":12},"end":{"line":593,"column":13}},"type":"if","locations":[{"start":{"line":585,"column":12},"end":{"line":593,"column":13}},{"start":{"line":591,"column":19},"end":{"line":593,"column":13}}],"line":585},"48":{"loc":{"start":{"line":585,"column":16},"end":{"line":585,"column":63}},"type":"binary-expr","locations":[{"start":{"line":585,"column":16},"end":{"line":585,"column":44}},{"start":{"line":585,"column":48},"end":{"line":585,"column":63}}],"line":585},"49":{"loc":{"start":{"line":587,"column":14},"end":{"line":590,"column":15}},"type":"if","locations":[{"start":{"line":587,"column":14},"end":{"line":590,"column":15}},{"start":{},"end":{}}],"line":587},"50":{"loc":{"start":{"line":600,"column":10},"end":{"line":607,"column":11}},"type":"if","locations":[{"start":{"line":600,"column":10},"end":{"line":607,"column":11}},{"start":{},"end":{}}],"line":600},"51":{"loc":{"start":{"line":616,"column":16},"end":{"line":616,"column":51}},"type":"binary-expr","locations":[{"start":{"line":616,"column":16},"end":{"line":616,"column":30}},{"start":{"line":616,"column":34},"end":{"line":616,"column":51}}],"line":616},"52":{"loc":{"start":{"line":623,"column":10},"end":{"line":636,"column":11}},"type":"if","locations":[{"start":{"line":623,"column":10},"end":{"line":636,"column":11}},{"start":{},"end":{}}],"line":623},"53":{"loc":{"start":{"line":643,"column":12},"end":{"line":653,"column":13}},"type":"if","locations":[{"start":{"line":643,"column":12},"end":{"line":653,"column":13}},{"start":{"line":648,"column":19},"end":{"line":653,"column":13}}],"line":643},"54":{"loc":{"start":{"line":660,"column":10},"end":{"line":669,"column":11}},"type":"if","locations":[{"start":{"line":660,"column":10},"end":{"line":669,"column":11}},{"start":{},"end":{}}],"line":660},"55":{"loc":{"start":{"line":660,"column":14},"end":{"line":660,"column":54}},"type":"binary-expr","locations":[{"start":{"line":660,"column":14},"end":{"line":660,"column":26}},{"start":{"line":660,"column":30},"end":{"line":660,"column":54}}],"line":660},"56":{"loc":{"start":{"line":684,"column":24},"end":{"line":684,"column":55}},"type":"binary-expr","locations":[{"start":{"line":684,"column":24},"end":{"line":684,"column":42}},{"start":{"line":684,"column":46},"end":{"line":684,"column":55}}],"line":684},"57":{"loc":{"start":{"line":710,"column":12},"end":{"line":713,"column":44}},"type":"binary-expr","locations":[{"start":{"line":710,"column":12},"end":{"line":710,"column":34}},{"start":{"line":711,"column":12},"end":{"line":711,"column":35}},{"start":{"line":712,"column":12},"end":{"line":712,"column":44}},{"start":{"line":713,"column":12},"end":{"line":713,"column":44}}],"line":710},"58":{"loc":{"start":{"line":715,"column":10},"end":{"line":724,"column":11}},"type":"if","locations":[{"start":{"line":715,"column":10},"end":{"line":724,"column":11}},{"start":{"line":719,"column":17},"end":{"line":724,"column":11}}],"line":715},"59":{"loc":{"start":{"line":734,"column":8},"end":{"line":737,"column":9}},"type":"if","locations":[{"start":{"line":734,"column":8},"end":{"line":737,"column":9}},{"start":{},"end":{}}],"line":734},"60":{"loc":{"start":{"line":740,"column":8},"end":{"line":747,"column":9}},"type":"if","locations":[{"start":{"line":740,"column":8},"end":{"line":747,"column":9}},{"start":{},"end":{}}],"line":740},"61":{"loc":{"start":{"line":740,"column":12},"end":{"line":740,"column":51}},"type":"binary-expr","locations":[{"start":{"line":740,"column":12},"end":{"line":740,"column":33}},{"start":{"line":740,"column":37},"end":{"line":740,"column":51}}],"line":740},"62":{"loc":{"start":{"line":744,"column":46},"end":{"line":744,"column":70}},"type":"binary-expr","locations":[{"start":{"line":744,"column":46},"end":{"line":744,"column":60}},{"start":{"line":744,"column":64},"end":{"line":744,"column":70}}],"line":744},"63":{"loc":{"start":{"line":762,"column":4},"end":{"line":765,"column":5}},"type":"if","locations":[{"start":{"line":762,"column":4},"end":{"line":765,"column":5}},{"start":{},"end":{}}],"line":762},"64":{"loc":{"start":{"line":769,"column":4},"end":{"line":779,"column":5}},"type":"if","locations":[{"start":{"line":769,"column":4},"end":{"line":779,"column":5}},{"start":{"line":774,"column":11},"end":{"line":779,"column":5}}],"line":769},"65":{"loc":{"start":{"line":783,"column":4},"end":{"line":790,"column":5}},"type":"if","locations":[{"start":{"line":783,"column":4},"end":{"line":790,"column":5}},{"start":{},"end":{}}],"line":783},"66":{"loc":{"start":{"line":802,"column":4},"end":{"line":805,"column":5}},"type":"if","locations":[{"start":{"line":802,"column":4},"end":{"line":805,"column":5}},{"start":{},"end":{}}],"line":802},"67":{"loc":{"start":{"line":808,"column":4},"end":{"line":810,"column":5}},"type":"if","locations":[{"start":{"line":808,"column":4},"end":{"line":810,"column":5}},{"start":{},"end":{}}],"line":808},"68":{"loc":{"start":{"line":830,"column":4},"end":{"line":832,"column":5}},"type":"if","locations":[{"start":{"line":830,"column":4},"end":{"line":832,"column":5}},{"start":{},"end":{}}],"line":830},"69":{"loc":{"start":{"line":837,"column":4},"end":{"line":840,"column":5}},"type":"if","locations":[{"start":{"line":837,"column":4},"end":{"line":840,"column":5}},{"start":{},"end":{}}],"line":837},"70":{"loc":{"start":{"line":843,"column":4},"end":{"line":846,"column":5}},"type":"if","locations":[{"start":{"line":843,"column":4},"end":{"line":846,"column":5}},{"start":{},"end":{}}],"line":843},"71":{"loc":{"start":{"line":849,"column":4},"end":{"line":856,"column":5}},"type":"if","locations":[{"start":{"line":849,"column":4},"end":{"line":856,"column":5}},{"start":{},"end":{}}],"line":849}},"s":{"0":0,"1":0,"2":0,"3":0,"4":0,"5":0,"6":0,"7":0,"8":0,"9":0,"10":0,"11":0,"12":0,"13":0,"14":0,"15":0,"16":0,"17":0,"18":0,"19":0,"20":0,"21":0,"22":0,"23":0,"24":0,"25":0,"26":0,"27":0,"28":0,"29":0,"30":0,"31":0,"32":0,"33":0,"34":0,"35":0,"36":0,"37":0,"38":0,"39":0,"40":0,"41":0,"42":0,"43":0,"44":0,"45":0,"46":0,"47":0,"48":0,"49":0,"50":0,"51":0,"52":0,"53":0,"54":0,"55":0,"56":0,"57":0,"58":0,"59":0,"60":0,"61":0,"62":0,"63":0,"64":0,"65":0,"66":0,"67":0,"68":0,"69":0,"70":0,"71":0,"72":0,"73":0,"74":0,"75":0,"76":0,"77":0,"78":0,"79":0,"80":0,"81":0,"82":0,"83":0,"84":0,"85":0,"86":0,"87":0,"88":0,"89":0,"90":0,"91":0,"92":0,"93":0,"94":0,"95":0,"96":0,"97":0,"98":0,"99":0,"100":0,"101":0,"102":0,"103":0,"104":0,"105":0,"106":0,"107":0,"108":0,"109":0,"110":0,"111":0,"112":0,"113":0,"114":0,"115":0,"116":0,"117":0,"118":0,"119":0,"120":0,"121":0,"122":0,"123":0,"124":0,"125":0,"126":0,"127":0,"128":0,"129":0,"130":0,"131":0,"132":0,"133":0,"134":0,"135":0,"136":0,"137":0,"138":0,"139":0,"140":0,"141":0,"142":0,"143":0,"144":0,"145":0,"146":0,"147":0,"148":0,"149":0,"150":0,"151":0,"152":0,"153":0,"154":0,"155":0,"156":0,"157":0,"158":0,"159":0,"160":0,"161":0,"162":0,"163":0,"164":0,"165":0,"166":0,"167":0,"168":0,"169":0,"170":0,"171":0,"172":0,"173":0,"174":0,"175":0,"176":0,"177":0,"178":0,"179":0,"180":0,"181":0,"182":0,"183":0,"184":0,"185":0,"186":0,"187":0,"188":0,"189":0,"190":0,"191":0,"192":0,"193":0,"194":0,"195":0,"196":0,"197":0,"198":0,"199":0,"200":0,"201":0,"202":0,"203":0,"204":0,"205":0,"206":0,"207":0,"208":0,"209":0,"210":0,"211":0,"212":0,"213":0,"214":0,"215":0,"216":0,"217":0,"218":0,"219":0,"220":0,"221":0,"222":0,"223":0,"224":0,"225":0,"226":0,"227":0,"228":0,"229":0,"230":0,"231":0,"232":0,"233":0,"234":0,"235":0,"236":0,"237":0,"238":0,"239":0,"240":0,"241":0,"242":0,"243":0,"244":0,"245":0,"246":0,"247":0,"248":0,"249":0,"250":0,"251":0,"252":0,"253":0,"254":0,"255":0,"256":0,"257":0,"258":0,"259":0,"260":0,"261":0,"262":0,"263":0,"264":0,"265":0,"266":0,"267":0,"268":0,"269":0,"270":0,"271":0,"272":0,"273":0,"274":0,"275":0,"276":0,"277":0,"278":0,"279":0,"280":0,"281":0,"282":0,"283":0,"284":0,"285":0,"286":0,"287":0,"288":0,"289":0,"290":0,"291":0,"292":0,"293":0,"294":0,"295":0,"296":0,"297":0,"298":0,"299":0,"300":0,"301":0,"302":0},"f":{"0":0,"1":0,"2":0,"3":0,"4":0,"5":0,"6":0,"7":0,"8":0,"9":0,"10":0,"11":0,"12":0,"13":0,"14":0,"15":0,"16":0,"17":0,"18":0,"19":0,"20":0,"21":0,"22":0,"23":0,"24":0,"25":0,"26":0,"27":0,"28":0,"29":0},"b":{"0":[0,0],"1":[0,0],"2":[0,0],"3":[0,0],"4":[0,0],"5":[0,0],"6":[0,0],"7":[0,0],"8":[0,0],"9":[0,0],"10":[0,0],"11":[0,0],"12":[0,0],"13":[0,0,0],"14":[0,0],"15":[0,0,0],"16":[0,0],"17":[0,0],"18":[0,0],"19":[0,0],"20":[0,0],"21":[0,0],"22":[0,0],"23":[0,0],"24":[0,0],"25":[0,0],"26":[0,0],"27":[0,0],"28":[0,0],"29":[0,0],"30":[0,0],"31":[0,0],"32":[0,0],"33":[0,0],"34":[0,0],"35":[0,0],"36":[0,0],"37":[0,0],"38":[0,0],"39":[0,0],"40":[0,0],"41":[0,0],"42":[0,0],"43":[0,0],"44":[0,0],"45":[0,0],"46":[0,0],"47":[0,0],"48":[0,0],"49":[0,0],"50":[0,0],"51":[0,0],"52":[0,0],"53":[0,0],"54":[0,0],"55":[0,0],"56":[0,0],"57":[0,0,0,0],"58":[0,0],"59":[0,0],"60":[0,0],"61":[0,0],"62":[0,0],"63":[0,0],"64":[0,0],"65":[0,0],"66":[0,0],"67":[0,0],"68":[0,0],"69":[0,0],"70":[0,0],"71":[0,0]}}
,"C:\\Users\\7jaca\\OneDrive\\Desktop\\Projects\\percepta\\node\\chat.js": {"path":"C:\\Users\\7jaca\\OneDrive\\Desktop\\Projects\\percepta\\node\\chat.js","statementMap":{"0":{"start":{"line":17,"column":12},"end":{"line":17,"column":29}},"1":{"start":{"line":18,"column":14},"end":{"line":18,"column":30}},"2":{"start":{"line":19,"column":15},"end":{"line":19,"column":40}},"3":{"start":{"line":36,"column":4},"end":{"line":36,"column":25}},"4":{"start":{"line":37,"column":4},"end":{"line":37,"column":23}},"5":{"start":{"line":38,"column":4},"end":{"line":38,"column":29}},"6":{"start":{"line":39,"column":4},"end":{"line":39,"column":29}},"7":{"start":{"line":40,"column":4},"end":{"line":40,"column":27}},"8":{"start":{"line":65,"column":4},"end":{"line":80,"column":7}},"9":{"start":{"line":82,"column":4},"end":{"line":82,"column":31}},"10":{"start":{"line":83,"column":4},"end":{"line":83,"column":51}},"11":{"start":{"line":105,"column":4},"end":{"line":105,"column":62}},"12":{"start":{"line":106,"column":4},"end":{"line":106,"column":58}},"13":{"start":{"line":107,"column":4},"end":{"line":107,"column":68}},"14":{"start":{"line":108,"column":4},"end":{"line":108,"column":62}},"15":{"start":{"line":117,"column":4},"end":{"line":117,"column":28}},"16":{"start":{"line":119,"column":4},"end":{"line":119,"column":62}},"17":{"start":{"line":121,"column":4},"end":{"line":121,"column":65}},"18":{"start":{"line":142,"column":4},"end":{"line":142,"column":21}},"19":{"start":{"line":142,"column":14},"end":{"line":142,"column":21}},"20":{"start":{"line":144,"column":21},"end":{"line":144,"column":68}},"21":{"start":{"line":146,"column":4},"end":{"line":150,"column":13}},"22":{"start":{"line":150,"column":6},"end":{"line":150,"column":13}},"23":{"start":{"line":152,"column":24},"end":{"line":152,"column":48}},"24":{"start":{"line":154,"column":4},"end":{"line":154,"column":56}},"25":{"start":{"line":157,"column":4},"end":{"line":157,"column":65}},"26":{"start":{"line":169,"column":4},"end":{"line":179,"column":9}},"27":{"start":{"line":178,"column":8},"end":{"line":178,"column":85}},"28":{"start":{"line":187,"column":4},"end":{"line":187,"column":29}},"29":{"start":{"line":189,"column":4},"end":{"line":189,"column":79}},"30":{"start":{"line":198,"column":4},"end":{"line":198,"column":80}},"31":{"start":{"line":216,"column":4},"end":{"line":225,"column":5}},"32":{"start":{"line":217,"column":6},"end":{"line":217,"column":34}},"33":{"start":{"line":218,"column":6},"end":{"line":218,"column":56}},"34":{"start":{"line":221,"column":6},"end":{"line":221,"column":26}},"35":{"start":{"line":223,"column":6},"end":{"line":223,"column":80}},"36":{"start":{"line":224,"column":6},"end":{"line":224,"column":18}},"37":{"start":{"line":237,"column":4},"end":{"line":240,"column":5}},"38":{"start":{"line":238,"column":6},"end":{"line":238,"column":39}},"39":{"start":{"line":239,"column":6},"end":{"line":239,"column":31}},"40":{"start":{"line":242,"column":4},"end":{"line":249,"column":5}},"41":{"start":{"line":243,"column":6},"end":{"line":243,"column":37}},"42":{"start":{"line":244,"column":6},"end":{"line":244,"column":31}},"43":{"start":{"line":245,"column":6},"end":{"line":245,"column":58}},"44":{"start":{"line":247,"column":6},"end":{"line":247,"column":85}},"45":{"start":{"line":248,"column":6},"end":{"line":248,"column":18}},"46":{"start":{"line":269,"column":4},"end":{"line":271,"column":5}},"47":{"start":{"line":270,"column":6},"end":{"line":270,"column":53}},"48":{"start":{"line":272,"column":4},"end":{"line":278,"column":5}},"49":{"start":{"line":273,"column":6},"end":{"line":273,"column":46}},"50":{"start":{"line":274,"column":6},"end":{"line":274,"column":71}},"51":{"start":{"line":276,"column":6},"end":{"line":276,"column":85}},"52":{"start":{"line":277,"column":6},"end":{"line":277,"column":18}},"53":{"start":{"line":286,"column":4},"end":{"line":286,"column":82}},"54":{"start":{"line":288,"column":4},"end":{"line":325,"column":12}},"55":{"start":{"line":290,"column":6},"end":{"line":293,"column":7}},"56":{"start":{"line":292,"column":8},"end":{"line":292,"column":15}},"57":{"start":{"line":296,"column":6},"end":{"line":296,"column":28}},"58":{"start":{"line":298,"column":6},"end":{"line":324,"column":7}},"59":{"start":{"line":300,"column":25},"end":{"line":303,"column":9}},"60":{"start":{"line":306,"column":25},"end":{"line":306,"column":53}},"61":{"start":{"line":307,"column":8},"end":{"line":314,"column":9}},"62":{"start":{"line":309,"column":30},"end":{"line":311,"column":25}},"63":{"start":{"line":313,"column":10},"end":{"line":313,"column":59}},"64":{"start":{"line":317,"column":8},"end":{"line":320,"column":9}},"65":{"start":{"line":319,"column":10},"end":{"line":319,"column":65}},"66":{"start":{"line":323,"column":8},"end":{"line":323,"column":31}},"67":{"start":{"line":330,"column":0},"end":{"line":330,"column":28}}},"fnMap":{"0":{"name":"(anonymous_0)","decl":{"start":{"line":27,"column":2},"end":{"line":27,"column":3}},"loc":{"start":{"line":27,"column":22},"end":{"line":41,"column":3}},"line":27},"1":{"name":"(anonymous_1)","decl":{"start":{"line":63,"column":2},"end":{"line":63,"column":3}},"loc":{"start":{"line":63,"column":15},"end":{"line":84,"column":3}},"line":63},"2":{"name":"(anonymous_2)","decl":{"start":{"line":103,"column":2},"end":{"line":103,"column":3}},"loc":{"start":{"line":103,"column":24},"end":{"line":109,"column":3}},"line":103},"3":{"name":"(anonymous_3)","decl":{"start":{"line":116,"column":2},"end":{"line":116,"column":3}},"loc":{"start":{"line":116,"column":30},"end":{"line":122,"column":3}},"line":116},"4":{"name":"(anonymous_4)","decl":{"start":{"line":140,"column":2},"end":{"line":140,"column":3}},"loc":{"start":{"line":140,"column":48},"end":{"line":158,"column":3}},"line":140},"5":{"name":"(anonymous_5)","decl":{"start":{"line":167,"column":2},"end":{"line":167,"column":3}},"loc":{"start":{"line":167,"column":54},"end":{"line":180,"column":3}},"line":167},"6":{"name":"(anonymous_6)","decl":{"start":{"line":176,"column":13},"end":{"line":176,"column":14}},"loc":{"start":{"line":176,"column":24},"end":{"line":179,"column":7}},"line":176},"7":{"name":"(anonymous_7)","decl":{"start":{"line":186,"column":2},"end":{"line":186,"column":3}},"loc":{"start":{"line":186,"column":26},"end":{"line":191,"column":3}},"line":186},"8":{"name":"(anonymous_8)","decl":{"start":{"line":196,"column":2},"end":{"line":196,"column":3}},"loc":{"start":{"line":196,"column":17},"end":{"line":199,"column":3}},"line":196},"9":{"name":"(anonymous_9)","decl":{"start":{"line":213,"column":2},"end":{"line":213,"column":3}},"loc":{"start":{"line":213,"column":18},"end":{"line":226,"column":3}},"line":213},"10":{"name":"(anonymous_10)","decl":{"start":{"line":232,"column":2},"end":{"line":232,"column":3}},"loc":{"start":{"line":232,"column":21},"end":{"line":250,"column":3}},"line":232},"11":{"name":"(anonymous_11)","decl":{"start":{"line":267,"column":2},"end":{"line":267,"column":3}},"loc":{"start":{"line":267,"column":38},"end":{"line":279,"column":3}},"line":267},"12":{"name":"(anonymous_12)","decl":{"start":{"line":285,"column":2},"end":{"line":285,"column":3}},"loc":{"start":{"line":285,"column":17},"end":{"line":326,"column":3}},"line":285},"13":{"name":"(anonymous_13)","decl":{"start":{"line":288,"column":36},"end":{"line":288,"column":37}},"loc":{"start":{"line":288,"column":48},"end":{"line":325,"column":5}},"line":288}},"branchMap":{"0":{"loc":{"start":{"line":142,"column":4},"end":{"line":142,"column":21}},"type":"if","locations":[{"start":{"line":142,"column":4},"end":{"line":142,"column":21}},{"start":{},"end":{}}],"line":142},"1":{"loc":{"start":{"line":144,"column":21},"end":{"line":144,"column":68}},"type":"binary-expr","locations":[{"start":{"line":144,"column":21},"end":{"line":144,"column":46}},{"start":{"line":144,"column":50},"end":{"line":144,"column":68}}],"line":144},"2":{"loc":{"start":{"line":146,"column":4},"end":{"line":150,"column":13}},"type":"if","locations":[{"start":{"line":146,"column":4},"end":{"line":150,"column":13}},{"start":{},"end":{}}],"line":146},"3":{"loc":{"start":{"line":147,"column":6},"end":{"line":148,"column":66}},"type":"binary-expr","locations":[{"start":{"line":147,"column":6},"end":{"line":147,"column":14}},{"start":{"line":148,"column":6},"end":{"line":148,"column":66}}],"line":147},"4":{"loc":{"start":{"line":237,"column":4},"end":{"line":240,"column":5}},"type":"if","locations":[{"start":{"line":237,"column":4},"end":{"line":240,"column":5}},{"start":{},"end":{}}],"line":237},"5":{"loc":{"start":{"line":269,"column":4},"end":{"line":271,"column":5}},"type":"if","locations":[{"start":{"line":269,"column":4},"end":{"line":271,"column":5}},{"start":{},"end":{}}],"line":269},"6":{"loc":{"start":{"line":290,"column":6},"end":{"line":293,"column":7}},"type":"if","locations":[{"start":{"line":290,"column":6},"end":{"line":293,"column":7}},{"start":{},"end":{}}],"line":290},"7":{"loc":{"start":{"line":306,"column":25},"end":{"line":306,"column":53}},"type":"binary-expr","locations":[{"start":{"line":306,"column":25},"end":{"line":306,"column":47}},{"start":{"line":306,"column":51},"end":{"line":306,"column":53}}],"line":306},"8":{"loc":{"start":{"line":309,"column":30},"end":{"line":311,"column":25}},"type":"cond-expr","locations":[{"start":{"line":310,"column":14},"end":{"line":310,"column":47}},{"start":{"line":311,"column":14},"end":{"line":311,"column":25}}],"line":309},"9":{"loc":{"start":{"line":317,"column":8},"end":{"line":320,"column":9}},"type":"if","locations":[{"start":{"line":317,"column":8},"end":{"line":320,"column":9}},{"start":{},"end":{}}],"line":317}},"s":{"0":0,"1":0,"2":0,"3":0,"4":0,"5":0,"6":0,"7":0,"8":0,"9":0,"10":0,"11":0,"12":0,"13":0,"14":0,"15":0,"16":0,"17":0,"18":0,"19":0,"20":0,"21":0,"22":0,"23":0,"24":0,"25":0,"26":0,"27":0,"28":0,"29":0,"30":0,"31":0,"32":0,"33":0,"34":0,"35":0,"36":0,"37":0,"38":0,"39":0,"40":0,"41":0,"42":0,"43":0,"44":0,"45":0,"46":0,"47":0,"48":0,"49":0,"50":0,"51":0,"52":0,"53":0,"54":0,"55":0,"56":0,"57":0,"58":0,"59":0,"60":0,"61":0,"62":0,"63":0,"64":0,"65":0,"66":0,"67":0},"f":{"0":0,"1":0,"2":0,"3":0,"4":0,"5":0,"6":0,"7":0,"8":0,"9":0,"10":0,"11":0,"12":0,"13":0},"b":{"0":[0,0],"1":[0,0],"2":[0,0],"3":[0,0],"4":[0,0],"5":[0,0],"6":[0,0],"7":[0,0],"8":[0,0],"9":[0,0]}}
,"C:\\Users\\7jaca\\OneDrive\\Desktop\\Projects\\percepta\\node\\stream.js": {"path":"C:\\Users\\7jaca\\OneDrive\\Desktop\\Projects\\percepta\\node\\stream.js","statementMap":{"0":{"start":{"line":15,"column":21},"end":{"line":15,"column":38}},"1":{"start":{"line":16,"column":14},"end":{"line":16,"column":30}},"2":{"start":{"line":17,"column":15},"end":{"line":17,"column":40}},"3":{"start":{"line":26,"column":4},"end":{"line":26,"column":12}},"4":{"start":{"line":34,"column":4},"end":{"line":34,"column":79}},"5":{"start":{"line":35,"column":4},"end":{"line":35,"column":48}},"6":{"start":{"line":36,"column":4},"end":{"line":36,"column":52}},"7":{"start":{"line":39,"column":4},"end":{"line":39,"column":26}},"8":{"start":{"line":40,"column":4},"end":{"line":40,"column":30}},"9":{"start":{"line":41,"column":4},"end":{"line":41,"column":26}},"10":{"start":{"line":44,"column":4},"end":{"line":44,"column":32}},"11":{"start":{"line":45,"column":4},"end":{"line":45,"column":30}},"12":{"start":{"line":46,"column":4},"end":{"line":46,"column":33}},"13":{"start":{"line":54,"column":4},"end":{"line":56,"column":5}},"14":{"start":{"line":55,"column":6},"end":{"line":55,"column":73}},"15":{"start":{"line":58,"column":4},"end":{"line":58,"column":56}},"16":{"start":{"line":59,"column":4},"end":{"line":59,"column":29}},"17":{"start":{"line":68,"column":4},"end":{"line":100,"column":5}},"18":{"start":{"line":69,"column":20},"end":{"line":69,"column":71}},"19":{"start":{"line":71,"column":6},"end":{"line":74,"column":7}},"20":{"start":{"line":72,"column":8},"end":{"line":72,"column":78}},"21":{"start":{"line":73,"column":8},"end":{"line":73,"column":21}},"22":{"start":{"line":76,"column":23},"end":{"line":84,"column":7}},"23":{"start":{"line":86,"column":6},"end":{"line":86,"column":65}},"24":{"start":{"line":88,"column":6},"end":{"line":90,"column":7}},"25":{"start":{"line":89,"column":8},"end":{"line":89,"column":21}},"26":{"start":{"line":91,"column":6},"end":{"line":97,"column":7}},"27":{"start":{"line":92,"column":8},"end":{"line":95,"column":10}},"28":{"start":{"line":96,"column":8},"end":{"line":96,"column":21}},"29":{"start":{"line":98,"column":6},"end":{"line":98,"column":79}},"30":{"start":{"line":99,"column":6},"end":{"line":99,"column":19}},"31":{"start":{"line":110,"column":4},"end":{"line":112,"column":5}},"32":{"start":{"line":111,"column":6},"end":{"line":111,"column":32}},"33":{"start":{"line":114,"column":4},"end":{"line":188,"column":5}},"34":{"start":{"line":115,"column":23},"end":{"line":131,"column":7}},"35":{"start":{"line":133,"column":28},"end":{"line":133,"column":64}},"36":{"start":{"line":134,"column":6},"end":{"line":137,"column":7}},"37":{"start":{"line":135,"column":8},"end":{"line":135,"column":43}},"38":{"start":{"line":136,"column":8},"end":{"line":136,"column":35}},"39":{"start":{"line":139,"column":6},"end":{"line":139,"column":27}},"40":{"start":{"line":142,"column":6},"end":{"line":185,"column":7}},"41":{"start":{"line":143,"column":23},"end":{"line":143,"column":44}},"42":{"start":{"line":145,"column":10},"end":{"line":147,"column":25}},"43":{"start":{"line":149,"column":8},"end":{"line":169,"column":9}},"44":{"start":{"line":150,"column":10},"end":{"line":153,"column":12}},"45":{"start":{"line":154,"column":15},"end":{"line":169,"column":9}},"46":{"start":{"line":155,"column":10},"end":{"line":158,"column":12}},"47":{"start":{"line":159,"column":15},"end":{"line":169,"column":9}},"48":{"start":{"line":160,"column":10},"end":{"line":163,"column":12}},"49":{"start":{"line":165,"column":10},"end":{"line":168,"column":12}},"50":{"start":{"line":170,"column":13},"end":{"line":185,"column":7}},"51":{"start":{"line":171,"column":8},"end":{"line":174,"column":10}},"52":{"start":{"line":175,"column":13},"end":{"line":185,"column":7}},"53":{"start":{"line":176,"column":8},"end":{"line":179,"column":10}},"54":{"start":{"line":181,"column":8},"end":{"line":184,"column":10}},"55":{"start":{"line":187,"column":6},"end":{"line":187,"column":18}},"56":{"start":{"line":197,"column":4},"end":{"line":299,"column":5}},"57":{"start":{"line":198,"column":6},"end":{"line":201,"column":8}},"58":{"start":{"line":203,"column":23},"end":{"line":221,"column":7}},"59":{"start":{"line":223,"column":6},"end":{"line":228,"column":8}},"60":{"start":{"line":230,"column":40},"end":{"line":230,"column":53}},"61":{"start":{"line":232,"column":6},"end":{"line":241,"column":7}},"62":{"start":{"line":233,"column":8},"end":{"line":239,"column":10}},"63":{"start":{"line":240,"column":8},"end":{"line":240,"column":20}},"64":{"start":{"line":243,"column":6},"end":{"line":247,"column":8}},"65":{"start":{"line":249,"column":6},"end":{"line":249,"column":24}},"66":{"start":{"line":251,"column":6},"end":{"line":254,"column":8}},"67":{"start":{"line":256,"column":6},"end":{"line":296,"column":7}},"68":{"start":{"line":257,"column":8},"end":{"line":261,"column":10}},"69":{"start":{"line":263,"column":8},"end":{"line":278,"column":9}},"70":{"start":{"line":264,"column":10},"end":{"line":267,"column":12}},"71":{"start":{"line":268,"column":15},"end":{"line":278,"column":9}},"72":{"start":{"line":269,"column":10},"end":{"line":272,"column":12}},"73":{"start":{"line":273,"column":15},"end":{"line":278,"column":9}},"74":{"start":{"line":274,"column":10},"end":{"line":277,"column":12}},"75":{"start":{"line":279,"column":13},"end":{"line":296,"column":7}},"76":{"start":{"line":280,"column":8},"end":{"line":283,"column":10}},"77":{"start":{"line":284,"column":13},"end":{"line":296,"column":7}},"78":{"start":{"line":285,"column":8},"end":{"line":288,"column":10}},"79":{"start":{"line":290,"column":8},"end":{"line":295,"column":10}},"80":{"start":{"line":298,"column":6},"end":{"line":298,"column":18}},"81":{"start":{"line":309,"column":4},"end":{"line":311,"column":5}},"82":{"start":{"line":310,"column":6},"end":{"line":310,"column":28}},"83":{"start":{"line":314,"column":22},"end":{"line":314,"column":59}},"84":{"start":{"line":315,"column":4},"end":{"line":347,"column":5}},"85":{"start":{"line":316,"column":6},"end":{"line":316,"column":33}},"86":{"start":{"line":317,"column":6},"end":{"line":317,"column":33}},"87":{"start":{"line":320,"column":6},"end":{"line":339,"column":7}},"88":{"start":{"line":321,"column":30},"end":{"line":321,"column":68}},"89":{"start":{"line":324,"column":8},"end":{"line":338,"column":9}},"90":{"start":{"line":325,"column":10},"end":{"line":328,"column":12}},"91":{"start":{"line":329,"column":10},"end":{"line":329,"column":68}},"92":{"start":{"line":329,"column":41},"end":{"line":329,"column":66}},"93":{"start":{"line":330,"column":37},"end":{"line":330,"column":75}},"94":{"start":{"line":332,"column":10},"end":{"line":337,"column":11}},"95":{"start":{"line":333,"column":12},"end":{"line":336,"column":14}},"96":{"start":{"line":342,"column":6},"end":{"line":346,"column":9}},"97":{"start":{"line":349,"column":4},"end":{"line":349,"column":21}},"98":{"start":{"line":357,"column":4},"end":{"line":360,"column":5}},"99":{"start":{"line":358,"column":6},"end":{"line":358,"column":64}},"100":{"start":{"line":359,"column":6},"end":{"line":359,"column":13}},"101":{"start":{"line":362,"column":4},"end":{"line":362,"column":29}},"102":{"start":{"line":363,"column":4},"end":{"line":363,"column":31}},"103":{"start":{"line":365,"column":4},"end":{"line":365,"column":73}},"104":{"start":{"line":368,"column":4},"end":{"line":374,"column":7}},"105":{"start":{"line":369,"column":6},"end":{"line":372,"column":8}},"106":{"start":{"line":373,"column":6},"end":{"line":373,"column":42}},"107":{"start":{"line":377,"column":4},"end":{"line":386,"column":14}},"108":{"start":{"line":378,"column":6},"end":{"line":385,"column":7}},"109":{"start":{"line":379,"column":8},"end":{"line":379,"column":52}},"110":{"start":{"line":381,"column":8},"end":{"line":384,"column":10}},"111":{"start":{"line":394,"column":4},"end":{"line":479,"column":5}},"112":{"start":{"line":395,"column":6},"end":{"line":395,"column":74}},"113":{"start":{"line":396,"column":21},"end":{"line":396,"column":61}},"114":{"start":{"line":397,"column":6},"end":{"line":400,"column":8}},"115":{"start":{"line":402,"column":6},"end":{"line":471,"column":7}},"116":{"start":{"line":404,"column":8},"end":{"line":404,"column":69}},"117":{"start":{"line":405,"column":8},"end":{"line":405,"column":37}},"118":{"start":{"line":406,"column":8},"end":{"line":406,"column":60}},"119":{"start":{"line":409,"column":8},"end":{"line":412,"column":10}},"120":{"start":{"line":413,"column":8},"end":{"line":413,"column":66}},"121":{"start":{"line":413,"column":39},"end":{"line":413,"column":64}},"122":{"start":{"line":416,"column":27},"end":{"line":416,"column":28}},"123":{"start":{"line":417,"column":27},"end":{"line":417,"column":31}},"124":{"start":{"line":418,"column":24},"end":{"line":418,"column":28}},"125":{"start":{"line":420,"column":8},"end":{"line":449,"column":9}},"126":{"start":{"line":420,"column":27},"end":{"line":420,"column":28}},"127":{"start":{"line":421,"column":10},"end":{"line":424,"column":12}},"128":{"start":{"line":426,"column":10},"end":{"line":426,"column":57}},"129":{"start":{"line":428,"column":10},"end":{"line":434,"column":11}},"130":{"start":{"line":429,"column":12},"end":{"line":432,"column":14}},"131":{"start":{"line":433,"column":12},"end":{"line":433,"column":18}},"132":{"start":{"line":436,"column":10},"end":{"line":448,"column":11}},"133":{"start":{"line":437,"column":12},"end":{"line":440,"column":14}},"134":{"start":{"line":441,"column":12},"end":{"line":441,"column":76}},"135":{"start":{"line":441,"column":43},"end":{"line":441,"column":74}},"136":{"start":{"line":443,"column":12},"end":{"line":447,"column":14}},"137":{"start":{"line":451,"column":8},"end":{"line":457,"column":9}},"138":{"start":{"line":453,"column":10},"end":{"line":456,"column":12}},"139":{"start":{"line":458,"column":13},"end":{"line":471,"column":7}},"140":{"start":{"line":460,"column":8},"end":{"line":460,"column":70}},"141":{"start":{"line":461,"column":8},"end":{"line":461,"column":38}},"142":{"start":{"line":462,"column":8},"end":{"line":462,"column":30}},"143":{"start":{"line":463,"column":8},"end":{"line":463,"column":61}},"144":{"start":{"line":465,"column":8},"end":{"line":470,"column":10}},"145":{"start":{"line":473,"column":6},"end":{"line":476,"column":8}},"146":{"start":{"line":477,"column":6},"end":{"line":477,"column":42}},"147":{"start":{"line":486,"column":4},"end":{"line":488,"column":5}},"148":{"start":{"line":487,"column":6},"end":{"line":487,"column":13}},"149":{"start":{"line":490,"column":4},"end":{"line":490,"column":30}},"150":{"start":{"line":491,"column":4},"end":{"line":491,"column":56}},"151":{"start":{"line":493,"column":4},"end":{"line":496,"column":5}},"152":{"start":{"line":494,"column":6},"end":{"line":494,"column":42}},"153":{"start":{"line":495,"column":6},"end":{"line":495,"column":34}},"154":{"start":{"line":499,"column":4},"end":{"line":499,"column":26}},"155":{"start":{"line":500,"column":4},"end":{"line":500,"column":30}},"156":{"start":{"line":501,"column":4},"end":{"line":501,"column":26}},"157":{"start":{"line":502,"column":4},"end":{"line":502,"column":33}},"158":{"start":{"line":506,"column":0},"end":{"line":506,"column":31}}},"fnMap":{"0":{"name":"(anonymous_0)","decl":{"start":{"line":25,"column":2},"end":{"line":25,"column":3}},"loc":{"start":{"line":25,"column":22},"end":{"line":47,"column":3}},"line":25},"1":{"name":"(anonymous_1)","decl":{"start":{"line":53,"column":2},"end":{"line":53,"column":3}},"loc":{"start":{"line":53,"column":15},"end":{"line":60,"column":3}},"line":53},"2":{"name":"(anonymous_2)","decl":{"start":{"line":67,"column":2},"end":{"line":67,"column":3}},"loc":{"start":{"line":67,"column":38},"end":{"line":101,"column":3}},"line":67},"3":{"name":"(anonymous_3)","decl":{"start":{"line":108,"column":2},"end":{"line":108,"column":3}},"loc":{"start":{"line":108,"column":36},"end":{"line":189,"column":3}},"line":108},"4":{"name":"(anonymous_4)","decl":{"start":{"line":196,"column":2},"end":{"line":196,"column":3}},"loc":{"start":{"line":196,"column":35},"end":{"line":300,"column":3}},"line":196},"5":{"name":"(anonymous_5)","decl":{"start":{"line":307,"column":2},"end":{"line":307,"column":3}},"loc":{"start":{"line":307,"column":32},"end":{"line":350,"column":3}},"line":307},"6":{"name":"(anonymous_6)","decl":{"start":{"line":329,"column":28},"end":{"line":329,"column":29}},"loc":{"start":{"line":329,"column":41},"end":{"line":329,"column":66}},"line":329},"7":{"name":"(anonymous_7)","decl":{"start":{"line":356,"column":2},"end":{"line":356,"column":3}},"loc":{"start":{"line":356,"column":29},"end":{"line":387,"column":3}},"line":356},"8":{"name":"(anonymous_8)","decl":{"start":{"line":368,"column":48},"end":{"line":368,"column":49}},"loc":{"start":{"line":368,"column":59},"end":{"line":374,"column":5}},"line":368},"9":{"name":"(anonymous_9)","decl":{"start":{"line":377,"column":39},"end":{"line":377,"column":40}},"loc":{"start":{"line":377,"column":51},"end":{"line":386,"column":5}},"line":377},"10":{"name":"(anonymous_10)","decl":{"start":{"line":393,"column":2},"end":{"line":393,"column":3}},"loc":{"start":{"line":393,"column":41},"end":{"line":480,"column":3}},"line":393},"11":{"name":"(anonymous_11)","decl":{"start":{"line":413,"column":26},"end":{"line":413,"column":27}},"loc":{"start":{"line":413,"column":39},"end":{"line":413,"column":64}},"line":413},"12":{"name":"(anonymous_12)","decl":{"start":{"line":441,"column":30},"end":{"line":441,"column":31}},"loc":{"start":{"line":441,"column":43},"end":{"line":441,"column":74}},"line":441},"13":{"name":"(anonymous_13)","decl":{"start":{"line":485,"column":2},"end":{"line":485,"column":3}},"loc":{"start":{"line":485,"column":19},"end":{"line":503,"column":3}},"line":485}},"branchMap":{"0":{"loc":{"start":{"line":34,"column":28},"end":{"line":34,"column":78}},"type":"binary-expr","locations":[{"start":{"line":34,"column":28},"end":{"line":34,"column":51}},{"start":{"line":34,"column":55},"end":{"line":34,"column":78}}],"line":34},"1":{"loc":{"start":{"line":54,"column":4},"end":{"line":56,"column":5}},"type":"if","locations":[{"start":{"line":54,"column":4},"end":{"line":56,"column":5}},{"start":{},"end":{}}],"line":54},"2":{"loc":{"start":{"line":69,"column":20},"end":{"line":69,"column":71}},"type":"binary-expr","locations":[{"start":{"line":69,"column":20},"end":{"line":69,"column":65}},{"start":{"line":69,"column":69},"end":{"line":69,"column":71}}],"line":69},"3":{"loc":{"start":{"line":71,"column":6},"end":{"line":74,"column":7}},"type":"if","locations":[{"start":{"line":71,"column":6},"end":{"line":74,"column":7}},{"start":{},"end":{}}],"line":71},"4":{"loc":{"start":{"line":86,"column":13},"end":{"line":86,"column":64}},"type":"binary-expr","locations":[{"start":{"line":86,"column":13},"end":{"line":86,"column":31}},{"start":{"line":86,"column":35},"end":{"line":86,"column":64}}],"line":86},"5":{"loc":{"start":{"line":88,"column":6},"end":{"line":90,"column":7}},"type":"if","locations":[{"start":{"line":88,"column":6},"end":{"line":90,"column":7}},{"start":{},"end":{}}],"line":88},"6":{"loc":{"start":{"line":91,"column":6},"end":{"line":97,"column":7}},"type":"if","locations":[{"start":{"line":91,"column":6},"end":{"line":97,"column":7}},{"start":{},"end":{}}],"line":91},"7":{"loc":{"start":{"line":110,"column":4},"end":{"line":112,"column":5}},"type":"if","locations":[{"start":{"line":110,"column":4},"end":{"line":112,"column":5}},{"start":{},"end":{}}],"line":110},"8":{"loc":{"start":{"line":110,"column":8},"end":{"line":110,"column":58}},"type":"binary-expr","locations":[{"start":{"line":110,"column":8},"end":{"line":110,"column":26}},{"start":{"line":110,"column":30},"end":{"line":110,"column":58}}],"line":110},"9":{"loc":{"start":{"line":133,"column":28},"end":{"line":133,"column":64}},"type":"binary-expr","locations":[{"start":{"line":133,"column":28},"end":{"line":133,"column":56}},{"start":{"line":133,"column":60},"end":{"line":133,"column":64}}],"line":133},"10":{"loc":{"start":{"line":134,"column":6},"end":{"line":137,"column":7}},"type":"if","locations":[{"start":{"line":134,"column":6},"end":{"line":137,"column":7}},{"start":{},"end":{}}],"line":134},"11":{"loc":{"start":{"line":142,"column":6},"end":{"line":185,"column":7}},"type":"if","locations":[{"start":{"line":142,"column":6},"end":{"line":185,"column":7}},{"start":{"line":170,"column":13},"end":{"line":185,"column":7}}],"line":142},"12":{"loc":{"start":{"line":145,"column":10},"end":{"line":147,"column":25}},"type":"binary-expr","locations":[{"start":{"line":145,"column":10},"end":{"line":145,"column":37}},{"start":{"line":146,"column":10},"end":{"line":146,"column":38}},{"start":{"line":147,"column":10},"end":{"line":147,"column":25}}],"line":145},"13":{"loc":{"start":{"line":149,"column":8},"end":{"line":169,"column":9}},"type":"if","locations":[{"start":{"line":149,"column":8},"end":{"line":169,"column":9}},{"start":{"line":154,"column":15},"end":{"line":169,"column":9}}],"line":149},"14":{"loc":{"start":{"line":154,"column":15},"end":{"line":169,"column":9}},"type":"if","locations":[{"start":{"line":154,"column":15},"end":{"line":169,"column":9}},{"start":{"line":159,"column":15},"end":{"line":169,"column":9}}],"line":154},"15":{"loc":{"start":{"line":159,"column":15},"end":{"line":169,"column":9}},"type":"if","locations":[{"start":{"line":159,"column":15},"end":{"line":169,"column":9}},{"start":{"line":164,"column":15},"end":{"line":169,"column":9}}],"line":159},"16":{"loc":{"start":{"line":170,"column":13},"end":{"line":185,"column":7}},"type":"if","locations":[{"start":{"line":170,"column":13},"end":{"line":185,"column":7}},{"start":{"line":175,"column":13},"end":{"line":185,"column":7}}],"line":170},"17":{"loc":{"start":{"line":175,"column":13},"end":{"line":185,"column":7}},"type":"if","locations":[{"start":{"line":175,"column":13},"end":{"line":185,"column":7}},{"start":{"line":180,"column":13},"end":{"line":185,"column":7}}],"line":175},"18":{"loc":{"start":{"line":232,"column":6},"end":{"line":241,"column":7}},"type":"if","locations":[{"start":{"line":232,"column":6},"end":{"line":241,"column":7}},{"start":{},"end":{}}],"line":232},"19":{"loc":{"start":{"line":232,"column":10},"end":{"line":232,"column":35}},"type":"binary-expr","locations":[{"start":{"line":232,"column":10},"end":{"line":232,"column":20}},{"start":{"line":232,"column":24},"end":{"line":232,"column":35}}],"line":232},"20":{"loc":{"start":{"line":236,"column":14},"end":{"line":236,"column":48}},"type":"cond-expr","locations":[{"start":{"line":236,"column":27},"end":{"line":236,"column":36}},{"start":{"line":236,"column":39},"end":{"line":236,"column":48}}],"line":236},"21":{"loc":{"start":{"line":256,"column":6},"end":{"line":296,"column":7}},"type":"if","locations":[{"start":{"line":256,"column":6},"end":{"line":296,"column":7}},{"start":{"line":279,"column":13},"end":{"line":296,"column":7}}],"line":256},"22":{"loc":{"start":{"line":263,"column":8},"end":{"line":278,"column":9}},"type":"if","locations":[{"start":{"line":263,"column":8},"end":{"line":278,"column":9}},{"start":{"line":268,"column":15},"end":{"line":278,"column":9}}],"line":263},"23":{"loc":{"start":{"line":268,"column":15},"end":{"line":278,"column":9}},"type":"if","locations":[{"start":{"line":268,"column":15},"end":{"line":278,"column":9}},{"start":{"line":273,"column":15},"end":{"line":278,"column":9}}],"line":268},"24":{"loc":{"start":{"line":273,"column":15},"end":{"line":278,"column":9}},"type":"if","locations":[{"start":{"line":273,"column":15},"end":{"line":278,"column":9}},{"start":{},"end":{}}],"line":273},"25":{"loc":{"start":{"line":279,"column":13},"end":{"line":296,"column":7}},"type":"if","locations":[{"start":{"line":279,"column":13},"end":{"line":296,"column":7}},{"start":{"line":284,"column":13},"end":{"line":296,"column":7}}],"line":279},"26":{"loc":{"start":{"line":284,"column":13},"end":{"line":296,"column":7}},"type":"if","locations":[{"start":{"line":284,"column":13},"end":{"line":296,"column":7}},{"start":{"line":289,"column":13},"end":{"line":296,"column":7}}],"line":284},"27":{"loc":{"start":{"line":291,"column":31},"end":{"line":291,"column":54}},"type":"binary-expr","locations":[{"start":{"line":291,"column":31},"end":{"line":291,"column":41}},{"start":{"line":291,"column":45},"end":{"line":291,"column":54}}],"line":291},"28":{"loc":{"start":{"line":309,"column":4},"end":{"line":311,"column":5}},"type":"if","locations":[{"start":{"line":309,"column":4},"end":{"line":311,"column":5}},{"start":{},"end":{}}],"line":309},"29":{"loc":{"start":{"line":309,"column":8},"end":{"line":309,"column":54}},"type":"binary-expr","locations":[{"start":{"line":309,"column":8},"end":{"line":309,"column":22}},{"start":{"line":309,"column":26},"end":{"line":309,"column":54}}],"line":309},"30":{"loc":{"start":{"line":315,"column":4},"end":{"line":347,"column":5}},"type":"if","locations":[{"start":{"line":315,"column":4},"end":{"line":347,"column":5}},{"start":{},"end":{}}],"line":315},"31":{"loc":{"start":{"line":320,"column":6},"end":{"line":339,"column":7}},"type":"if","locations":[{"start":{"line":320,"column":6},"end":{"line":339,"column":7}},{"start":{},"end":{}}],"line":320},"32":{"loc":{"start":{"line":320,"column":10},"end":{"line":320,"column":61}},"type":"binary-expr","locations":[{"start":{"line":320,"column":10},"end":{"line":320,"column":29}},{"start":{"line":320,"column":33},"end":{"line":320,"column":61}}],"line":320},"33":{"loc":{"start":{"line":324,"column":8},"end":{"line":338,"column":9}},"type":"if","locations":[{"start":{"line":324,"column":8},"end":{"line":338,"column":9}},{"start":{},"end":{}}],"line":324},"34":{"loc":{"start":{"line":332,"column":10},"end":{"line":337,"column":11}},"type":"if","locations":[{"start":{"line":332,"column":10},"end":{"line":337,"column":11}},{"start":{},"end":{}}],"line":332},"35":{"loc":{"start":{"line":357,"column":4},"end":{"line":360,"column":5}},"type":"if","locations":[{"start":{"line":357,"column":4},"end":{"line":360,"column":5}},{"start":{},"end":{}}],"line":357},"36":{"loc":{"start":{"line":398,"column":43},"end":{"line":398,"column":70
[...]
:158,"column":6},"end":{"line":168,"column":9}},"66":{"start":{"line":170,"column":6},"end":{"line":170,"column":48}},"67":{"start":{"line":171,"column":6},"end":{"line":171,"column":60}},"68":{"start":{"line":174,"column":6},"end":{"line":186,"column":7}},"69":{"start":{"line":175,"column":8},"end":{"line":175,"column":35}},"70":{"start":{"line":176,"column":8},"end":{"line":176,"column":79}},"71":{"start":{"line":177,"column":8},"end":{"line":177,"column":73}},"72":{"start":{"line":179,"column":8},"end":{"line":179,"column":73}},"73":{"start":{"line":180,"column":8},"end":{"line":180,"column":50}},"74":{"start":{"line":181,"column":8},"end":{"line":181,"column":72}},"75":{"start":{"line":182,"column":8},"end":{"line":182,"column":70}},"76":{"start":{"line":183,"column":8},"end":{"line":183,"column":72}},"77":{"start":{"line":184,"column":8},"end":{"line":184,"column":63}},"78":{"start":{"line":185,"column":8},"end":{"line":185,"column":72}},"79":{"start":{"line":189,"column":6},"end":{"line":193,"column":15}},"80":{"start":{"line":190,"column":8},"end":{"line":190,"column":23}},"81":{"start":{"line":191,"column":8},"end":{"line":191,"column":19}},"82":{"start":{"line":192,"column":8},"end":{"line":192,"column":24}},"83":{"start":{"line":195,"column":6},"end":{"line":198,"column":8}},"84":{"start":{"line":199,"column":6},"end":{"line":208,"column":9}},"85":{"start":{"line":209,"column":6},"end":{"line":209,"column":21}},"86":{"start":{"line":210,"column":6},"end":{"line":210,"column":17}},"87":{"start":{"line":211,"column":6},"end":{"line":211,"column":22}},"88":{"start":{"line":216,"column":2},"end":{"line":218,"column":5}},"89":{"start":{"line":217,"column":4},"end":{"line":217,"column":64}},"90":{"start":{"line":221,"column":17},"end":{"line":221,"column":43}},"91":{"start":{"line":222,"column":18},"end":{"line":224,"column":70}},"92":{"start":{"line":226,"column":2},"end":{"line":226,"column":59}},"93":{"start":{"line":227,"column":2},"end":{"line":229,"column":4}},"94":{"start":{"line":230,"column":2},"end":{"line":230,"column":80}},"95":{"start":{"line":232,"column":2},"end":{"line":232,"column":74}},"96":{"start":{"line":234,"column":2},"end":{"line":246,"column":3}},"97":{"start":{"line":235,"column":17},"end":{"line":235,"column":47}},"98":{"start":{"line":236,"column":4},"end":{"line":236,"column":24}},"99":{"start":{"line":237,"column":4},"end":{"line":239,"column":6}},"100":{"start":{"line":240,"column":4},"end":{"line":240,"column":50}},"101":{"start":{"line":242,"column":4},"end":{"line":242,"column":65}},"102":{"start":{"line":243,"column":4},"end":{"line":243,"column":70}},"103":{"start":{"line":244,"column":4},"end":{"line":244,"column":25}},"104":{"start":{"line":245,"column":4},"end":{"line":245,"column":22}},"105":{"start":{"line":249,"column":2},"end":{"line":257,"column":20}},"106":{"start":{"line":250,"column":4},"end":{"line":256,"column":5}},"107":{"start":{"line":251,"column":6},"end":{"line":251,"column":79}},"108":{"start":{"line":252,"column":6},"end":{"line":252,"column":41}},"109":{"start":{"line":253,"column":6},"end":{"line":253,"column":21}},"110":{"start":{"line":254,"column":6},"end":{"line":254,"column":17}},"111":{"start":{"line":255,"column":6},"end":{"line":255,"column":22}},"112":{"start":{"line":261,"column":0},"end":{"line":265,"column":3}},"113":{"start":{"line":262,"column":2},"end":{"line":262,"column":57}},"114":{"start":{"line":263,"column":2},"end":{"line":263,"column":13}},"115":{"start":{"line":264,"column":2},"end":{"line":264,"column":18}},"116":{"start":{"line":267,"column":0},"end":{"line":271,"column":3}},"117":{"start":{"line":268,"column":2},"end":{"line":268,"column":56}},"118":{"start":{"line":269,"column":2},"end":{"line":269,"column":13}},"119":{"start":{"line":270,"column":2},"end":{"line":270,"column":18}}},"fnMap":{"0":{"name":"question","decl":{"start":{"line":22,"column":9},"end":{"line":22,"column":17}},"loc":{"start":{"line":22,"column":25},"end":{"line":24,"column":1}},"line":22},"1":{"name":"(anonymous_1)","decl":{"start":{"line":23,"column":21},"end":{"line":23,"column":22}},"loc":{"start":{"line":23,"column":34},"end":{"line":23,"column":61}},"line":23},"2":{"name":"updateEnvFile","decl":{"start":{"line":29,"column":9},"end":{"line":29,"column":22}},"loc":{"start":{"line":29,"column":30},"end":{"line":58,"column":1}},"line":29},"3":{"name":"main","decl":{"start":{"line":60,"column":15},"end":{"line":60,"column":19}},"loc":{"start":{"line":60,"column":22},"end":{"line":258,"column":1}},"line":60},"4":{"name":"(anonymous_4)","decl":{"start":{"line":95,"column":23},"end":{"line":95,"column":24}},"loc":{"start":{"line":95,"column":43},"end":{"line":213,"column":3}},"line":95},"5":{"name":"(anonymous_5)","decl":{"start":{"line":189,"column":17},"end":{"line":189,"column":18}},"loc":{"start":{"line":189,"column":23},"end":{"line":193,"column":7}},"line":189},"6":{"name":"(anonymous_6)","decl":{"start":{"line":216,"column":28},"end":{"line":216,"column":29}},"loc":{"start":{"line":216,"column":34},"end":{"line":218,"column":3}},"line":216},"7":{"name":"(anonymous_7)","decl":{"start":{"line":249,"column":13},"end":{"line":249,"column":14}},"loc":{"start":{"line":249,"column":19},"end":{"line":257,"column":3}},"line":249},"8":{"name":"(anonymous_8)","decl":{"start":{"line":261,"column":21},"end":{"line":261,"column":22}},"loc":{"start":{"line":261,"column":27},"end":{"line":265,"column":1}},"line":261},"9":{"name":"(anonymous_9)","decl":{"start":{"line":267,"column":13},"end":{"line":267,"column":14}},"loc":{"start":{"line":267,"column":24},"end":{"line":271,"column":1}},"line":267}},"branchMap":{"0":{"loc":{"start":{"line":32,"column":2},"end":{"line":36,"column":3}},"type":"if","locations":[{"start":{"line":32,"column":2},"end":{"line":36,"column":3}},{"start":{},"end":{}}],"line":32},"1":{"loc":{"start":{"line":45,"column":2},"end":{"line":54,"column":3}},"type":"if","locations":[{"start":{"line":45,"column":2},"end":{"line":54,"column":3}},{"start":{"line":48,"column":9},"end":{"line":54,"column":3}}],"line":45},"2":{"loc":{"start":{"line":50,"column":4},"end":{"line":52,"column":5}},"type":"if","locations":[{"start":{"line":50,"column":4},"end":{"line":52,"column":5}},{"start":{},"end":{}}],"line":50},"3":{"loc":{"start":{"line":70,"column":2},"end":{"line":77,"column":3}},"type":"if","locations":[{"start":{"line":70,"column":2},"end":{"line":77,"column":3}},{"start":{},"end":{}}],"line":70},"4":{"loc":{"start":{"line":70,"column":6},"end":{"line":70,"column":32}},"type":"binary-expr","locations":[{"start":{"line":70,"column":6},"end":{"line":70,"column":15}},{"start":{"line":70,"column":19},"end":{"line":70,"column":32}}],"line":70},"5":{"loc":{"start":{"line":99,"column":4},"end":{"line":115,"column":5}},"type":"if","locations":[{"start":{"line":99,"column":4},"end":{"line":115,"column":5}},{"start":{},"end":{}}],"line":99},"6":{"loc":{"start":{"line":105,"column":17},"end":{"line":105,"column":50}},"type":"binary-expr","locations":[{"start":{"line":105,"column":17},"end":{"line":105,"column":44}},{"start":{"line":105,"column":48},"end":{"line":105,"column":50}}],"line":105},"7":{"loc":{"start":{"line":117,"column":4},"end":{"line":132,"column":5}},"type":"if","locations":[{"start":{"line":117,"column":4},"end":{"line":132,"column":5}},{"start":{},"end":{}}],"line":117},"8":{"loc":{"start":{"line":197,"column":8},"end":{"line":197,"column":45}},"type":"binary-expr","locations":[{"start":{"line":197,"column":8},"end":{"line":197,"column":28}},{"start":{"line":197,"column":32},"end":{"line":197,"column":45}}],"line":197},"9":{"loc":{"start":{"line":204,"column":24},"end":{"line":204,"column":70}},"type":"binary-expr","locations":[{"start":{"line":204,"column":24},"end":{"line":204,"column":53}},{"start":{"line":204,"column":57},"end":{"line":204,"column":70}}],"line":204},"10":{"loc":{"start":{"line":250,"column":4},"end":{"line":256,"column":5}},"type":"if","locations":[{"start":{"line":250,"column":4},"end":{"line":256,"column":5}},{"start":{},"end":{}}],"line":250}},"s":{"0":0,"1":0,"2":0,"3":0,"4":0,"5":0,"6":0,"7":0,"8":0,"9":0,"10":0,"11":0,"12":0,"13":0,"14":0,"15":0,"16":0,"17":0,"18":0,"19":0,"20":0,"21":0,"22":0,"23":0,"24":0,"25":0,"26":0,"27":0,"28":0,"29":0,"30":0,"31":0,"32":0,"33":0,"34":0,"35":0,"36":0,"37":0,"38":0,"39":0,"40":0,"41":0,"42":0,"43":0,"44":0,"45":0,"46":0,"47":0,"48":0,"49":0,"50":0,"51":0,"52":0,"53":0,"54":0,"55":0,"56":0,"57":0,"58":0,"59":0,"60":0,"61":0,"62":0,"63":0,"64":0,"65":0,"66":0,"67":0,"68":0,"69":0,"70":0,"71":0,"72":0,"73":0,"74":0,"75":0,"76":0,"77":0,"78":0,"79":0,"80":0,"81":0,"82":0,"83":0,"84":0,"85":0,"86":0,"87":0,"88":0,"89":0,"90":0,"91":0,"92":0,"93":0,"94":0,"95":0,"96":0,"97":0,"98":0,"99":0,"100":0,"101":0,"102":0,"103":0,"104":0,"105":0,"106":0,"107":0,"108":0,"109":0,"110":0,"111":0,"112":0,"113":0,"114":0,"115":0,"116":0,"117":0,"118":0,"119":0},"f":{"0":0,"1":0,"2":0,"3":0,"4":0,"5":0,"6":0,"7":0,"8":0,"9":0},"b":{"0":[0,0],"1":[0,0],"2":[0,0],"3":[0,0],"4":[0,0],"5":[0,0],"6":[0,0],"7":[0,0],"8":[0,0],"9":[0,0],"10":[0,0]}}
,"C:\\Users\\7jaca\\OneDrive\\Desktop\\Projects\\percepta\\node\\utils\\logger.js": {"path":"C:\\Users\\7jaca\\OneDrive\\Desktop\\Projects\\percepta\\node\\utils\\logger.js","statementMap":{"0":{"start":{"line":22,"column":0},"end":{"line":22,"column":27}},"1":{"start":{"line":25,"column":15},"end":{"line":32,"column":1}},"2":{"start":{"line":35,"column":19},"end":{"line":40,"column":1}},"3":{"start":{"line":43,"column":24},"end":{"line":43,"column":91}},"4":{"start":{"line":47,"column":26},"end":{"line":49,"column":8}},"5":{"start":{"line":48,"column":53},"end":{"line":48,"column":77}},"6":{"start":{"line":59,"column":2},"end":{"line":61,"column":3}},"7":{"start":{"line":60,"column":4},"end":{"line":60,"column":17}},"8":{"start":{"line":64,"column":2},"end":{"line":66,"column":3}},"9":{"start":{"line":65,"column":4},"end":{"line":65,"column":16}},"10":{"start":{"line":70,"column":26},"end":{"line":70,"column":70}},"11":{"start":{"line":71,"column":2},"end":{"line":71,"column":53}},"12":{"start":{"line":82,"column":20},"end":{"line":82,"column":79}},"13":{"start":{"line":83,"column":2},"end":{"line":83,"column":19}},"14":{"start":{"line":92,"column":2},"end":{"line":94,"column":3}},"15":{"start":{"line":93,"column":4},"end":{"line":93,"column":11}},"16":{"start":{"line":95,"column":2},"end":{"line":95,"column":83}},"17":{"start":{"line":104,"column":2},"end":{"line":106,"column":3}},"18":{"start":{"line":105,"column":4},"end":{"line":105,"column":11}},"19":{"start":{"line":107,"column":21},"end":{"line":107,"column":87}},"20":{"start":{"line":108,"column":2},"end":{"line":108,"column":26}},"21":{"start":{"line":110,"column":2},"end":{"line":112,"column":3}},"22":{"start":{"line":111,"column":4},"end":{"line":111,"column":39}},"23":{"start":{"line":121,"column":2},"end":{"line":123,"column":3}},"24":{"start":{"line":122,"column":4},"end":{"line":122,"column":11}},"25":{"start":{"line":124,"column":2},"end":{"line":124,"column":80}},"26":{"start":{"line":133,"column":2},"end":{"line":135,"column":3}},"27":{"start":{"line":134,"column":4},"end":{"line":134,"column":11}},"28":{"start":{"line":136,"column":21},"end":{"line":136,"column":90}},"29":{"start":{"line":137,"column":2},"end":{"line":137,"column":28}},"30":{"start":{"line":139,"column":2},"end":{"line":141,"column":3}},"31":{"start":{"line":140,"column":4},"end":{"line":140,"column":39}},"32":{"start":{"line":150,"column":2},"end":{"line":152,"column":3}},"33":{"start":{"line":151,"column":4},"end":{"line":151,"column":11}},"34":{"start":{"line":153,"column":21},"end":{"line":153,"column":92}},"35":{"start":{"line":154,"column":2},"end":{"line":154,"column":26}},"36":{"start":{"line":156,"column":2},"end":{"line":158,"column":3}},"37":{"start":{"line":157,"column":4},"end":{"line":157,"column":39}},"38":{"start":{"line":172,"column":2},"end":{"line":174,"column":3}},"39":{"start":{"line":173,"column":4},"end":{"line":173,"column":11}},"40":{"start":{"line":175,"column":2},"end":{"line":175,"column":102}},"41":{"start":{"line":179,"column":0},"end":{"line":186,"column":2}}},"fnMap":{"0":{"name":"(anonymous_0)","decl":{"start":{"line":48,"column":46},"end":{"line":48,"column":47}},"loc":{"start":{"line":48,"column":53},"end":{"line":48,"column":77}},"line":48},"1":{"name":"shouldLog","decl":{"start":{"line":57,"column":9},"end":{"line":57,"column":18}},"loc":{"start":{"line":57,"column":43},"end":{"line":72,"column":1}},"line":57},"2":{"name":"getTimestamp","decl":{"start":{"line":81,"column":9},"end":{"line":81,"column":21}},"loc":{"start":{"line":81,"column":24},"end":{"line":84,"column":1}},"line":81},"3":{"name":"debug","decl":{"start":{"line":91,"column":9},"end":{"line":91,"column":14}},"loc":{"start":{"line":91,"column":41},"end":{"line":96,"column":1}},"line":91},"4":{"name":"info","decl":{"start":{"line":103,"column":9},"end":{"line":103,"column":13}},"loc":{"start":{"line":103,"column":40},"end":{"line":113,"column":1}},"line":103},"5":{"name":"(anonymous_5)","decl":{"start":{"line":111,"column":29},"end":{"line":111,"column":30}},"loc":{"start":{"line":111,"column":35},"end":{"line":111,"column":37}},"line":111},"6":{"name":"success","decl":{"start":{"line":120,"column":9},"end":{"line":120,"column":16}},"loc":{"start":{"line":120,"column":43},"end":{"line":125,"column":1}},"line":120},"7":{"name":"error","decl":{"start":{"line":132,"column":9},"end":{"line":132,"column":14}},"loc":{"start":{"line":132,"column":41},"end":{"line":142,"column":1}},"line":132},"8":{"name":"(anonymous_8)","decl":{"start":{"line":140,"column":29},"end":{"line":140,"column":30}},"loc":{"start":{"line":140,"column":35},"end":{"line":140,"column":37}},"line":140},"9":{"name":"warn","decl":{"start":{"line":149,"column":9},"end":{"line":149,"column":13}},"loc":{"start":{"line":149,"column":40},"end":{"line":159,"column":1}},"line":149},"10":{"name":"(anonymous_10)","decl":{"start":{"line":157,"column":29},"end":{"line":157,"column":30}},"loc":{"start":{"line":157,"column":35},"end":{"line":157,"column":37}},"line":157},"11":{"name":"chat","decl":{"start":{"line":171,"column":9},"end":{"line":171,"column":13}},"loc":{"start":{"line":171,"column":61},"end":{"line":176,"column":1}},"line":171}},"branchMap":{"0":{"loc":{"start":{"line":43,"column":24},"end":{"line":43,"column":91}},"type":"binary-expr","locations":[{"start":{"line":43,"column":24},"end":{"line":43,"column":72}},{"start":{"line":43,"column":76},"end":{"line":43,"column":91}}],"line":43},"1":{"loc":{"start":{"line":47,"column":26},"end":{"line":49,"column":8}},"type":"cond-expr","locations":[{"start":{"line":48,"column":4},"end":{"line":48,"column":78}},{"start":{"line":49,"column":4},"end":{"line":49,"column":8}}],"line":47},"2":{"loc":{"start":{"line":57,"column":26},"end":{"line":57,"column":41}},"type":"default-arg","locations":[{"start":{"line":57,"column":37},"end":{"line":57,"column":41}}],"line":57},"3":{"loc":{"start":{"line":59,"column":2},"end":{"line":61,"column":3}},"type":"if","locations":[{"start":{"line":59,"column":2},"end":{"line":61,"column":3}},{"start":{},"end":{}}],"line":59},"4":{"loc":{"start":{"line":64,"column":2},"end":{"line":66,"column":3}},"type":"if","locations":[{"start":{"line":64,"column":2},"end":{"line":66,"column":3}},{"start":{},"end":{}}],"line":64},"5":{"loc":{"start":{"line":70,"column":26},"end":{"line":70,"column":70}},"type":"cond-expr","locations":[{"start":{"line":70,"column":37},"end":{"line":70,"column":59}},{"start":{"line":70,"column":62},"end":{"line":70,"column":70}}],"line":70},"6":{"loc":{"start":{"line":91,"column":24},"end":{"line":91,"column":39}},"type":"default-arg","locations":[{"start":{"line":91,"column":35},"end":{"line":91,"column":39}}],"line":91},"7":{"loc":{"start":{"line":92,"column":2},"end":{"line":94,"column":3}},"type":"if","locations":[{"start":{"line":92,"column":2},"end":{"line":94,"column":3}},{"start":{},"end":{}}],"line":92},"8":{"loc":{"start":{"line":103,"column":23},"end":{"line":103,"column":38}},"type":"default-arg","locations":[{"start":{"line":103,"column":34},"end":{"line":103,"column":38}}],"line":103},"9":{"loc":{"start":{"line":104,"column":2},"end":{"line":106,"column":3}},"type":"if","locations":[{"start":{"line":104,"column":2},"end":{"line":106,"column":3}},{"start":{},"end":{}}],"line":104},"10":{"loc":{"start":{"line":110,"column":2},"end":{"line":112,"column":3}},"type":"if","locations":[{"start":{"line":110,"column":2},"end":{"line":112,"column":3}},{"start":{},"end":{}}],"line":110},"11":{"loc":{"start":{"line":110,"column":6},"end":{"line":110,"column":58}},"type":"binary-expr","locations":[{"start":{"line":110,"column":6},"end":{"line":110,"column":34}},{"start":{"line":110,"column":38},"end":{"line":110,"column":58}}],"line":110},"12":{"loc":{"start":{"line":120,"column":26},"end":{"line":120,"column":41}},"type":"default-arg","locations":[{"start":{"line":120,"column":37},"end":{"line":120,"column":41}}],"line":120},"13":{"loc":{"start":{"line":121,"column":2},"end":{"line":123,"column":3}},"type":"if","locations":[{"start":{"line":121,"column":2},"end":{"line":123,"column":3}},{"start":{},"end":{}}],"line":121},"14":{"loc":{"start":{"line":132,"column":24},"end":{"line":132,"column":39}},"type":"default-arg","locations":[{"start":{"line":132,"column":35},"end":{"line":132,"column":39}}],"line":132},"15":{"loc":{"start":{"line":133,"column":2},"end":{"line":135,"column":3}},"type":"if","locations":[{"start":{"line":133,"column":2},"end":{"line":135,"column":3}},{"start":{},"end":{}}],"line":133},"16":{"loc":{"start":{"line":139,"column":2},"end":{"line":141,"column":3}},"type":"if","locations":[{"start":{"line":139,"column":2},"end":{"line":141,"column":3}},{"start":{},"end":{}}],"line":139},"17":{"loc":{"start":{"line":139,"column":6},"end":{"line":139,"column":58}},"type":"binary-expr","locations":[{"start":{"line":139,"column":6},"end":{"line":139,"column":34}},{"start":{"line":139,"column":38},"end":{"line":139,"column":58}}],"line":139},"18":{"loc":{"start":{"line":149,"column":23},"end":{"line":149,"column":38}},"type":"default-arg","locations":[{"start":{"line":149,"column":34},"end":{"line":149,"column":38}}],"line":149},"19":{"loc":{"start":{"line":150,"column":2},"end":{"line":152,"column":3}},"type":"if","locations":[{"start":{"line":150,"column":2},"end":{"line":152,"column":3}},{"start":{},"end":{}}],"line":150},"20":{"loc":{"start":{"line":156,"column":2},"end":{"line":158,"column":3}},"type":"if","locations":[{"start":{"line":156,"column":2},"end":{"line":158,"column":3}},{"start":{},"end":{}}],"line":156},"21":{"loc":{"start":{"line":156,"column":6},"end":{"line":156,"column":58}},"type":"binary-expr","locations":[{"start":{"line":156,"column":6},"end":{"line":156,"column":34}},{"start":{"line":156,"column":38},"end":{"line":156,"column":58}}],"line":156},"22":{"loc":{"start":{"line":171,"column":42},"end":{"line":171,"column":59}},"type":"default-arg","locations":[{"start":{"line":171,"column":53},"end":{"line":171,"column":59}}],"line":171},"23":{"loc":{"start":{"line":172,"column":2},"end":{"line":174,"column":3}},"type":"if","locations":[{"start":{"line":172,"column":2},"end":{"line":174,"column":3}},{"start":{},"end":{}}],"line":172}},"s":{"0":0,"1":0,"2":0,"3":0,"4":0,"5":0,"6":0,"7":0,"8":0,"9":0,"10":0,"11":0,"12":0,"13":0,"14":0,"15":0,"16":0,"17":0,"18":0,"19":0,"20":0,"21":0,"22":0,"23":0,"24":0,"25":0,"26":0,"27":0,"28":0,"29":0,"30":0,"31":0,"32":0,"33":0,"34":0,"35":0,"36":0,"37":0,"38":0,"39":0,"40":0,"41":0},"f":{"0":0,"1":0,"2":0,"3":0,"4":0,"5":0,"6":0,"7":0,"8":0,"9":0,"10":0,"11":0},"b":{"0":[0,0],"1":[0,0],"2":[0],"3":[0,0],"4":[0,0],"5":[0,0],"6":[0],"7":[0,0],"8":[0],"9":[0,0],"10":[0,0],"11":[0,0],"12":[0],"13":[0,0],"14":[0],"15":[0,0],"16":[0,0],"17":[0,0],"18":[0],"19":[0,0],"20":[0,0],"21":[0,0],"22":[0],"23":[0,0]}}
}
