TN:
SF:node\audio.js
FN:27,(anonymous_0)
FN:62,(anonymous_1)
FN:64,(anonymous_2)
FN:112,(anonymous_3)
FN:120,(anonymous_4)
FN:134,(anonymous_5)
FN:136,(anonymous_6)
FN:137,(anonymous_7)
FN:158,(anonymous_8)
FN:237,(anonymous_9)
FN:238,(anonymous_10)
FN:255,(anonymous_11)
FN:325,(anonymous_12)
FN:328,(anonymous_13)
FN:333,(anonymous_14)
FN:350,(anonymous_15)
FN:356,(anonymous_16)
FN:365,(anonymous_17)
FN:445,(anonymous_18)
FN:455,(anonymous_19)
FN:459,(anonymous_20)
FN:460,(anonymous_21)
FN:463,(anonymous_22)
FN:467,(anonymous_23)
FN:468,(anonymous_24)
FN:563,(anonymous_25)
FN:596,(anonymous_26)
FN:761,(anonymous_27)
FN:801,(anonymous_28)
FN:829,(anonymous_29)
FNF:30
FNH:0
FNDA:0,(anonymous_0)
FNDA:0,(anonymous_1)
FNDA:0,(anonymous_2)
FNDA:0,(anonymous_3)
FNDA:0,(anonymous_4)
FNDA:0,(anonymous_5)
FNDA:0,(anonymous_6)
FNDA:0,(anonymous_7)
FNDA:0,(anonymous_8)
FNDA:0,(anonymous_9)
FNDA:0,(anonymous_10)
FNDA:0,(anonymous_11)
FNDA:0,(anonymous_12)
FNDA:0,(anonymous_13)
FNDA:0,(anonymous_14)
FNDA:0,(anonymous_15)
FNDA:0,(anonymous_16)
FNDA:0,(anonymous_17)
FNDA:0,(anonymous_18)
FNDA:0,(anonymous_19)
FNDA:0,(anonymous_20)
FNDA:0,(anonymous_21)
FNDA:0,(anonymous_22)
FNDA:0,(anonymous_23)
FNDA:0,(anonymous_24)
FNDA:0,(anonymous_25)
FNDA:0,(anonymous_26)
FNDA:0,(anonymous_27)
FNDA:0,(anonymous_28)
FNDA:0,(anonymous_29)
DA:14,0
DA:15,0
DA:16,0
DA:17,0
DA:18,0
DA:19,0
DA:37,0
DA:38,0
DA:39,0
DA:40,0
DA:42,0
DA:43,0
DA:46,0
DA:47,0
DA:48,0
DA:50,0
DA:51,0
DA:52,0
DA:53,0
DA:56,0
DA:64,0
DA:65,0
DA:68,0
DA:69,0
DA:73,0
DA:74,0
DA:75,0
DA:81,0
DA:85,0
DA:88,0
DA:89,0
DA:94,0
DA:102,0
DA:103,0
DA:107,0
DA:112,0
DA:113,0
DA:114,0
DA:115,0
DA:120,0
DA:121,0
DA:122,0
DA:136,0
DA:137,0
DA:138,0
DA:139,0
DA:140,0
DA:144,0
DA:146,0
DA:147,0
DA:159,0
DA:160,0
DA:163,0
DA:164,0
DA:165,0
DA:167,0
DA:171,0
DA:172,0
DA:173,0
DA:175,0
DA:178,0
DA:191,0
DA:197,0
DA:201,0
DA:205,0
DA:209,0
DA:213,0
DA:215,0
DA:223,0
DA:238,0
DA:239,0
DA:240,0
DA:243,0
DA:244,0
DA:247,0
DA:248,0
DA:249,0
DA:250,0
DA:251,0
DA:252,0
DA:255,0
DA:256,0
DA:257,0
DA:259,0
DA:260,0
DA:261,0
DA:262,0
DA:263,0
DA:264,0
DA:267,0
DA:270,0
DA:275,0
DA:284,0
DA:288,0
DA:326,0
DA:329,0
DA:330,0
DA:331,0
DA:334,0
DA:338,0
DA:339,0
DA:340,0
DA:342,0
DA:344,0
DA:345,0
DA:347,0
DA:352,0
DA:353,0
DA:362,0
DA:363,0
DA:365,0
DA:368,0
DA:369,0
DA:370,0
DA:371,0
DA:372,0
DA:374,0
DA:376,0
DA:379,0
DA:384,0
DA:386,0
DA:387,0
DA:388,0
DA:389,0
DA:392,0
DA:393,0
DA:399,0
DA:407,0
DA:408,0
DA:409,0
DA:413,0
DA:414,0
DA:415,0
DA:419,0
DA:420,0
DA:421,0
DA:422,0
DA:423,0
DA:424,0
DA:431,0
DA:434,0
DA:444,0
DA:445,0
DA:446,0
DA:447,0
DA:448,0
DA:452,0
DA:453,0
DA:454,0
DA:456,0
DA:457,0
DA:459,0
DA:460,0
DA:462,0
DA:464,0
DA:465,0
DA:467,0
DA:468,0
DA:470,0
DA:485,0
DA:488,0
DA:493,0
DA:499,0
DA:503,0
DA:507,0
DA:511,0
DA:513,0
DA:516,0
DA:517,0
DA:523,0
DA:525,0
DA:528,0
DA:532,0
DA:536,0
DA:537,0
DA:538,0
DA:539,0
DA:540,0
DA:542,0
DA:543,0
DA:545,0
DA:546,0
DA:550,0
DA:551,0
DA:552,0
DA:554,0
DA:555,0
DA:556,0
DA:557,0
DA:559,0
DA:561,0
DA:562,0
DA:563,0
DA:564,0
DA:567,0
DA:570,0
DA:571,0
DA:575,0
DA:578,0
DA:579,0
DA:585,0
DA:586,0
DA:587,0
DA:589,0
DA:592,0
DA:595,0
DA:596,0
DA:600,0
DA:601,0
DA:605,0
DA:606,0
DA:610,0
DA:611,0
DA:612,0
DA:614,0
DA:620,0
DA:621,0
DA:623,0
DA:624,0
DA:629,0
DA:631,0
DA:633,0
DA:634,0
DA:635,0
DA:639,0
DA:640,0
DA:641,0
DA:643,0
DA:644,0
DA:649,0
DA:655,0
DA:656,0
DA:660,0
DA:661,0
DA:665,0
DA:666,0
DA:667,0
DA:668,0
DA:671,0
DA:679,0
DA:683,0
DA:692,0
DA:697,0
DA:700,0
DA:702,0
DA:710,0
DA:715,0
DA:717,0
DA:718,0
DA:720,0
DA:727,0
DA:730,0
DA:734,0
DA:735,0
DA:736,0
DA:740,0
DA:741,0
DA:751,0
DA:753,0
DA:762,0
DA:763,0
DA:764,0
DA:768,0
DA:769,0
DA:770,0
DA:775,0
DA:782,0
DA:783,0
DA:784,0
DA:789,0
DA:793,0
DA:802,0
DA:803,0
DA:804,0
DA:808,0
DA:809,0
DA:812,0
DA:813,0
DA:814,0
DA:816,0
DA:818,0
DA:820,0
DA:821,0
DA:822,0
DA:830,0
DA:831,0
DA:834,0
DA:837,0
DA:838,0
DA:839,0
DA:843,0
DA:844,0
DA:845,0
DA:849,0
DA:850,0
DA:851,0
DA:853,0
DA:855,0
DA:858,0
DA:859,0
DA:864,0
LF:301
LH:0
BRDA:39,0,0,0
BRDA:39,0,1,0
BRDA:42,1,0,0
BRDA:42,1,1,0
BRDA:46,2,0,0
BRDA:46,2,1,0
BRDA:47,3,0,0
BRDA:47,3,1,0
BRDA:48,4,0,0
BRDA:48,4,1,0
BRDA:68,5,0,0
BRDA:68,5,1,0
BRDA:73,6,0,0
BRDA:73,6,1,0
BRDA:88,7,0,0
BRDA:88,7,1,0
BRDA:102,8,0,0
BRDA:102,8,1,0
BRDA:113,9,0,0
BRDA:113,9,1,0
BRDA:121,10,0,0
BRDA:121,10,1,0
BRDA:138,11,0,0
BRDA:138,11,1,0
BRDA:197,12,0,0
BRDA:197,12,1,0
BRDA:198,13,0,0
BRDA:198,13,1,0
BRDA:198,13,2,0
BRDA:205,14,0,0
BRDA:205,14,1,0
BRDA:206,15,0,0
BRDA:206,15,1,0
BRDA:206,15,2,0
BRDA:213,16,0,0
BRDA:213,16,1,0
BRDA:217,17,0,0
BRDA:217,17,1,0
BRDA:225,18,0,0
BRDA:225,18,1,0
BRDA:243,19,0,0
BRDA:243,19,1,0
BRDA:260,20,0,0
BRDA:260,20,1,0
BRDA:262,21,0,0
BRDA:262,21,1,0
BRDA:270,22,0,0
BRDA:270,22,1,0
BRDA:334,23,0,0
BRDA:334,23,1,0
BRDA:335,24,0,0
BRDA:335,24,1,0
BRDA:344,25,0,0
BRDA:344,25,1,0
BRDA:352,26,0,0
BRDA:352,26,1,0
BRDA:352,27,0,0
BRDA:352,27,1,0
BRDA:388,28,0,0
BRDA:388,28,1,0
BRDA:407,29,0,0
BRDA:407,29,1,0
BRDA:413,30,0,0
BRDA:413,30,1,0
BRDA:420,31,0,0
BRDA:420,31,1,0
BRDA:423,32,0,0
BRDA:423,32,1,0
BRDA:444,33,0,0
BRDA:444,33,1,0
BRDA:453,34,0,0
BRDA:453,34,1,0
BRDA:457,35,0,0
BRDA:457,35,1,0
BRDA:465,36,0,0
BRDA:465,36,1,0
BRDA:476,37,0,0
BRDA:476,37,1,0
BRDA:479,38,0,0
BRDA:479,38,1,0
BRDA:485,39,0,0
BRDA:485,39,1,0
BRDA:511,40,0,0
BRDA:511,40,1,0
BRDA:511,41,0,0
BRDA:511,41,1,0
BRDA:543,42,0,0
BRDA:543,42,1,0
BRDA:554,43,0,0
BRDA:554,43,1,0
BRDA:559,44,0,0
BRDA:559,44,1,0
BRDA:559,45,0,0
BRDA:559,45,1,0
BRDA:562,46,0,0
BRDA:562,46,1,0
BRDA:585,47,0,0
BRDA:585,47,1,0
BRDA:585,48,0,0
BRDA:585,48,1,0
BRDA:587,49,0,0
BRDA:587,49,1,0
BRDA:600,50,0,0
BRDA:600,50,1,0
BRDA:616,51,0,0
BRDA:616,51,1,0
BRDA:623,52,0,0
BRDA:623,52,1,0
BRDA:643,53,0,0
BRDA:643,53,1,0
BRDA:660,54,0,0
BRDA:660,54,1,0
BRDA:660,55,0,0
BRDA:660,55,1,0
BRDA:684,56,0,0
BRDA:684,56,1,0
BRDA:710,57,0,0
BRDA:710,57,1,0
BRDA:710,57,2,0
BRDA:710,57,3,0
BRDA:715,58,0,0
BRDA:715,58,1,0
BRDA:734,59,0,0
BRDA:734,59,1,0
BRDA:740,60,0,0
BRDA:740,60,1,0
BRDA:740,61,0,0
BRDA:740,61,1,0
BRDA:744,62,0,0
BRDA:744,62,1,0
BRDA:762,63,0,0
BRDA:762,63,1,0
BRDA:769,64,0,0
BRDA:769,64,1,0
BRDA:783,65,0,0
BRDA:783,65,1,0
BRDA:802,66,0,0
BRDA:802,66,1,0
BRDA:808,67,0,0
BRDA:808,67,1,0
BRDA:830,68,0,0
BRDA:830,68,1,0
BRDA:837,69,0,0
BRDA:837,69,1,0
BRDA:843,70,0,0
BRDA:843,70,1,0
BRDA:849,71,0,0
BRDA:849,71,1,0
BRF:148
BRH:0
end_of_record
TN:
SF:node\chat.js
FN:27,(anonymous_0)
FN:63,(anonymous_1)
FN:103,(anonymous_2)
FN:116,(anonymous_3)
FN:140,(anonymous_4)
FN:167,(anonymous_5)
FN:176,(anonymous_6)
FN:186,(anonymous_7)
FN:196,(anonymous_8)
FN:213,(anonymous_9)
FN:232,(anonymous_10)
FN:267,(anonymous_11)
FN:285,(anonymous_12)
FN:288,(anonymous_13)
FNF:14
FNH:0
FNDA:0,(anonymous_0)
FNDA:0,(anonymous_1)
FNDA:0,(anonymous_2)
FNDA:0,(anonymous_3)
FNDA:0,(anonymous_4)
FNDA:0,(anonymous_5)
FNDA:0,(anonymous_6)
FNDA:0,(anonymous_7)
FNDA:0,(anonymous_8)
FNDA:0,(anonymous_9)
FNDA:0,(anonymous_10)
FNDA:0,(anonymous_11)
FNDA:0,(anonymous_12)
FNDA:0,(anonymous_13)
DA:17,0
DA:18,0
DA:19,0
DA:36,0
DA:37,0
DA:38,0
DA:39,0
DA:40,0
DA:65,0
DA:82,0
DA:83,0
DA:105,0
DA:106,0
DA:107,0
DA:108,0
DA:117,0
DA:119,0
DA:121,0
DA:142,0
DA:144,0
DA:146,0
DA:150,0
DA:152,0
DA:154,0
DA:157,0
DA:169,0
DA:178,0
DA:187,0
DA:189,0
DA:198,0
DA:216,0
DA:217,0
DA:218,0
DA:221,0
DA:223,0
DA:224,0
DA:237,0
DA:238,0
DA:239,0
DA:242,0
DA:243,0
DA:244,0
DA:245,0
DA:247,0
DA:248,0
DA:269,0
DA:270,0
DA:272,0
DA:273,0
DA:274,0
DA:276,0
DA:277,0
DA:286,0
DA:288,0
DA:290,0
DA:292,0
DA:296,0
DA:298,0
DA:300,0
DA:306,0
DA:307,0
DA:309,0
DA:313,0
DA:317,0
DA:319,0
DA:323,0
DA:330,0
LF:67
LH:0
BRDA:142,0,0,0
BRDA:142,0,1,0
BRDA:144,1,0,0
BRDA:144,1,1,0
BRDA:146,2,0,0
BRDA:146,2,1,0
BRDA:147,3,0,0
BRDA:147,3,1,0
BRDA:237,4,0,0
BRDA:237,4,1,0
BRDA:269,5,0,0
BRDA:269,5,1,0
BRDA:290,6,0,0
BRDA:290,6,1,0
BRDA:306,7,0,0
BRDA:306,7,1,0
BRDA:309,8,0,0
BRDA:309,8,1,0
BRDA:317,9,0,0
BRDA:317,9,1,0
BRF:20
BRH:0
end_of_record
TN:
SF:node\stream.js
FN:25,(anonymous_0)
FN:53,(anonymous_1)
FN:67,(anonymous_2)
FN:108,(anonymous_3)
FN:196,(anonymous_4)
FN:307,(anonymous_5)
FN:329,(anonymous_6)
FN:356,(anonymous_7)
FN:368,(anonymous_8)
FN:377,(anonymous_9)
FN:393,(anonymous_10)
FN:413,(anonymous_11)
FN:441,(anonymous_12)
FN:485,(anonymous_13)
FNF:14
FNH:7
FNDA:6,(anonymous_0)
FNDA:0,(anonymous_1)
FNDA:2,(anonymous_2)
FNDA:3,(anonymous_3)
FNDA:0,(anonymous_4)
FNDA:0,(anonymous_5)
FNDA:0,(anonymous_6)
FNDA:1,(anonymous_7)
FNDA:0,(anonymous_8)
FNDA:0,(anonymous_9)
FNDA:1,(anonymous_10)
FNDA:1,(anonymous_11)
FNDA:0,(anonymous_12)
FNDA:6,(anonymous_13)
DA:15,1
DA:16,1
DA:17,1
DA:26,6
DA:34,6
DA:35,6
DA:36,6
DA:39,6
DA:40,6
DA:41,6
DA:44,6
DA:45,6
DA:46,6
DA:54,0
DA:55,0
DA:58,0
DA:59,0
DA:68,2
DA:69,2
DA:71,2
DA:72,0
DA:73,0
DA:76,2
DA:86,2
DA:88,0
DA:89,0
DA:91,0
DA:92,0
DA:96,0
DA:98,0
DA:99,0
DA:110,3
DA:111,1
DA:114,2
DA:115,2
DA:133,2
DA:134,2
DA:135,2
DA:136,2
DA:139,2
DA:142,0
DA:143,0
DA:145,0
DA:149,0
DA:150,0
DA:154,0
DA:155,0
DA:159,0
DA:160,0
DA:165,0
DA:170,0
DA:171,0
DA:175,0
DA:176,0
DA:181,0
DA:187,0
DA:197,0
DA:198,0
DA:203,0
DA:223,0
DA:230,0
DA:232,0
DA:233,0
DA:240,0
DA:243,0
DA:249,0
DA:251,0
DA:256,0
DA:257,0
DA:263,0
DA:264,0
DA:268,0
DA:269,0
DA:273,0
DA:274,0
DA:279,0
DA:280,0
DA:284,0
DA:285,0
DA:290,0
DA:298,0
DA:309,0
DA:310,0
DA:314,0
DA:315,0
DA:316,0
DA:317,0
DA:320,0
DA:321,0
DA:324,0
DA:325,0
DA:329,0
DA:330,0
DA:332,0
DA:333,0
DA:342,0
DA:349,0
DA:357,1
DA:358,0
DA:359,0
DA:362,1
DA:363,1
DA:365,1
DA:368,1
DA:369,0
DA:373,0
DA:377,1
DA:378,0
DA:379,0
DA:381,0
DA:394,1
DA:395,1
DA:396,1
DA:397,1
DA:402,1
DA:404,1
DA:405,1
DA:406,1
DA:409,1
DA:413,1
DA:416,0
DA:417,0
DA:418,0
DA:420,0
DA:421,0
DA:426,0
DA:428,0
DA:429,0
DA:433,0
DA:436,0
DA:437,0
DA:441,0
DA:443,0
DA:451,0
DA:453,0
DA:458,0
DA:460,0
DA:461,0
DA:462,0
DA:463,0
DA:465,0
DA:473,0
DA:477,0
DA:486,6
DA:487,5
DA:490,1
DA:491,1
DA:493,1
DA:494,1
DA:495,1
DA:499,1
DA:500,1
DA:501,1
DA:502,1
DA:506,1
LF:155
LH:55
BRDA:34,0,0,6
BRDA:34,0,1,0
BRDA:54,1,0,0
BRDA:54,1,1,0
BRDA:69,2,0,2
BRDA:69,2,1,0
BRDA:71,3,0,0
BRDA:71,3,1,2
BRDA:86,4,0,2
BRDA:86,4,1,2
BRDA:88,5,0,0
BRDA:88,5,1,0
BRDA:91,6,0,0
BRDA:91,6,1,0
BRDA:110,7,0,1
BRDA:110,7,1,2
BRDA:110,8,0,3
BRDA:110,8,1,1
BRDA:133,9,0,2
BRDA:133,9,1,0
BRDA:134,10,0,2
BRDA:134,10,1,0
BRDA:142,11,0,0
BRDA:142,11,1,0
BRDA:145,12,0,0
BRDA:145,12,1,0
BRDA:145,12,2,0
BRDA:149,13,0,0
BRDA:149,13,1,0
BRDA:154,14,0,0
BRDA:154,14,1,0
BRDA:159,15,0,0
BRDA:159,15,1,0
BRDA:170,16,0,0
BRDA:170,16,1,0
BRDA:175,17,0,0
BRDA:175,17,1,0
BRDA:232,18,0,0
BRDA:232,18,1,0
BRDA:232,19,0,0
BRDA:232,19,1,0
BRDA:236,20,0,0
BRDA:236,20,1,0
BRDA:256,21,0,0
BRDA:256,21,1,0
BRDA:263,22,0,0
BRDA:263,22,1,0
BRDA:268,23,0,0
BRDA:268,23,1,0
BRDA:273,24,0,0
BRDA:273,24,1,0
BRDA:279,25,0,0
BRDA:279,25,1,0
BRDA:284,26,0,0
BRDA:284,26,1,0
BRDA:291,27,0,0
BRDA:291,27,1,0
BRDA:309,28,0,0
BRDA:309,28,1,0
BRDA:309,29,0,0
BRDA:309,29,1,0
BRDA:315,30,0,0
BRDA:315,30,1,0
BRDA:320,31,0,0
BRDA:320,31,1,0
BRDA:320,32,0,0
BRDA:320,32,1,0
BRDA:324,33,0,0
BRDA:324,33,1,0
BRDA:332,34,0,0
BRDA:332,34,1,0
BRDA:357,35,0,0
BRDA:357,35,1,1
BRDA:398,36,0,1
BRDA:398,36,1,0
BRDA:402,37,0,1
BRDA:402,37,1,0
BRDA:402,38,0,1
BRDA:402,38,1,1
BRDA:428,39,0,0
BRDA:428,39,1,0
BRDA:436,40,0,0
BRDA:436,40,1,0
BRDA:451,41,0,0
BRDA:451,41,1,0
BRDA:458,42,0,0
BRDA:458,42,1,0
BRDA:458,43,0,0
BRDA:458,43,1,0
BRDA:467,44,0,0
BRDA:467,44,1,0
BRDA:486,45,0,5
BRDA:486,45,1,1
BRDA:493,46,0,1
BRDA:493,46,1,0
BRF:95
BRH:19
end_of_record
TN:
SF:node\video.js
FN:28,(anonymous_0)
FN:80,(anonymous_1)
FN:82,(anonymous_2)
FN:125,(anonymous_3)
FN:133,(anonymous_4)
FN:144,(anonymous_5)
FN:151,(anonymous_6)
FN:152,(anonymous_7)
FN:175,(anonymous_8)
FN:176,(anonymous_9)
FN:195,(anonymous_10)
FN:198,(anonymous_11)
FN:209,(anonymous_12)
FN:223,(anonymous_13)
FN:260,(anonymous_14)
FN:269,(anonymous_15)
FN:275,(anonymous_16)
FN:276,(anonymous_17)
FN:288,(anonymous_18)
FN:321,(anonymous_19)
FN:411,(anonymous_20)
FN:448,(anonymous_21)
FN:471,(anonymous_22)
FN:497,(anonymous_23)
FN:531,(anonymous_24)
FNF:25
FNH:0
FNDA:0,(anonymous_0)
FNDA:0,(anonymous_1)
FNDA:0,(anonymous_2)
FNDA:0,(anonymous_3)
FNDA:0,(anonymous_4)
FNDA:0,(anonymous_5)
FNDA:0,(anonymous_6)
FNDA:0,(anonymous_7)
FNDA:0,(anonymous_8)
FNDA:0,(anonymous_9)
FNDA:0,(anonymous_10)
FNDA:0,(anonymous_11)
FNDA:0,(anonymous_12)
FNDA:0,(anonymous_13)
FNDA:0,(anonymous_14)
FNDA:0,(anonymous_15)
FNDA:0,(anonymous_16)
FNDA:0,(anonymous_17)
FNDA:0,(anonymous_18)
FNDA:0,(anonymous_19)
FNDA:0,(anonymous_20)
FNDA:0,(anonymous_21)
FNDA:0,(anonymous_22)
FNDA:0,(anonymous_23)
FNDA:0,(anonymous_24)
DA:14,0
DA:15,0
DA:16,0
DA:17,0
DA:18,0
DA:19,0
DA:20,0
DA:36,0
DA:37,0
DA:38,0
DA:39,0
DA:41,0
DA:42,0
DA:45,0
DA:46,0
DA:47,0
DA:51,0
DA:52,0
DA:55,0
DA:56,0
DA:57,0
DA:58,0
DA:59,0
DA:60,0
DA:61,0
DA:62,0
DA:63,0
DA:64,0
DA:65,0
DA:66,0
DA:68,0
DA:74,0
DA:82,0
DA:83,0
DA:86,0
DA:87,0
DA:91,0
DA:92,0
DA:93,0
DA:99,0
DA:103,0
DA:104,0
DA:105,0
DA:110,0
DA:118,0
DA:119,0
DA:120,0
DA:125,0
DA:126,0
DA:127,0
DA:128,0
DA:133,0
DA:134,0
DA:135,0
DA:146,0
DA:147,0
DA:151,0
DA:152,0
DA:153,0
DA:154,0
DA:155,0
DA:159,0
DA:161,0
DA:162,0
DA:176,0
DA:177,0
DA:178,0
DA:181,0
DA:197,0
DA:200,0
DA:201,0
DA:202,0
DA:204,0
DA:207,0
DA:210,0
DA:211,0
DA:213,0
DA:214,0
DA:215,0
DA:217,0
DA:220,0
DA:225,0
DA:226,0
DA:228,0
DA:229,0
DA:230,0
DA:233,0
DA:234,0
DA:240,0
DA:244,0
DA:245,0
DA:246,0
DA:253,0
DA:256,0
DA:261,0
DA:262,0
DA:263,0
DA:265,0
DA:266,0
DA:268,0
DA:269,0
DA:270,0
DA:271,0
DA:274,0
DA:277,0
DA:278,0
DA:279,0
DA:280,0
DA:281,0
DA:289,0
DA:290,0
DA:293,0
DA:294,0
DA:295,0
DA:298,0
DA:299,0
DA:300,0
DA:303,0
DA:304,0
DA:305,0
DA:309,0
DA:322,0
DA:323,0
DA:326,0
DA:327,0
DA:331,0
DA:334,0
DA:336,0
DA:340,0
DA:341,0
DA:342,0
DA:343,0
DA:345,0
DA:346,0
DA:367,0
DA:368,0
DA:369,0
DA:370,0
DA:374,0
DA:376,0
DA:377,0
DA:379,0
DA:382,0
DA:383,0
DA:384,0
DA:390,0
DA:391,0
DA:398,0
DA:402,0
DA:412,0
DA:413,0
DA:414,0
DA:418,0
DA:419,0
DA:420,0
DA:425,0
DA:432,0
DA:433,0
DA:434,0
DA:436,0
DA:440,0
DA:449,0
DA:450,0
DA:451,0
DA:455,0
DA:456,0
DA:459,0
DA:460,0
DA:461,0
DA:462,0
DA:463,0
DA:464,0
DA:465,0
DA:467,0
DA:468,0
DA:471,0
DA:472,0
DA:473,0
DA:476,0
DA:485,0
DA:487,0
DA:488,0
DA:489,0
DA:498,0
DA:499,0
DA:502,0
DA:503,0
DA:504,0
DA:507,0
DA:508,0
DA:509,0
DA:511,0
DA:512,0
DA:515,0
DA:516,0
DA:517,0
DA:521,0
DA:522,0
DA:523,0
DA:527,0
DA:531,0
DA:532,0
DA:533,0
DA:537,0
LF:204
LH:0
BRDA:38,0,0,0
BRDA:38,0,1,0
BRDA:41,1,0,0
BRDA:41,1,1,0
BRDA:45,2,0,0
BRDA:45,2,1,0
BRDA:46,3,0,0
BRDA:46,3,1,0
BRDA:49,4,0,0
BRDA:49,4,1,0
BRDA:51,5,0,0
BRDA:51,5,1,0
BRDA:86,6,0,0
BRDA:86,6,1,0
BRDA:91,7,0,0
BRDA:91,7,1,0
BRDA:104,8,0,0
BRDA:104,8,1,0
BRDA:118,9,0,0
BRDA:118,9,1,0
BRDA:126,10,0,0
BRDA:126,10,1,0
BRDA:134,11,0,0
BRDA:134,11,1,0
BRDA:146,12,0,0
BRDA:146,12,1,0
BRDA:153,13,0,0
BRDA:153,13,1,0
BRDA:200,14,0,0
BRDA:200,14,1,0
BRDA:213,15,0,0
BRDA:213,15,1,0
BRDA:225,16,0,0
BRDA:225,16,1,0
BRDA:228,17,0,0
BRDA:228,17,1,0
BRDA:229,18,0,0
BRDA:229,18,1,0
BRDA:233,19,0,0
BRDA:233,19,1,0
BRDA:244,20,0,0
BRDA:244,20,1,0
BRDA:261,21,0,0
BRDA:261,21,1,0
BRDA:270,22,0,0
BRDA:270,22,1,0
BRDA:270,23,0,0
BRDA:270,23,1,0
BRDA:277,24,0,0
BRDA:277,24,1,0
BRDA:280,25,0,0
BRDA:280,25,1,0
BRDA:289,26,0,0
BRDA:289,26,1,0
BRDA:289,27,0,0
BRDA:289,27,1,0
BRDA:289,27,2,0
BRDA:294,28,0,0
BRDA:294,28,1,0
BRDA:294,29,0,0
BRDA:294,29,1,0
BRDA:299,30,0,0
BRDA:299,30,1,0
BRDA:326,31,0,0
BRDA:326,31,1,0
BRDA:331,32,0,0
BRDA:331,32,1,0
BRDA:343,33,0,0
BRDA:343,33,1,0
BRDA:368,34,0,0
BRDA:368,34,1,0
BRDA:369,35,0,0
BRDA:369,35,1,0
BRDA:376,36,0,0
BRDA:376,36,1,0
BRDA:382,37,0,0
BRDA:382,37,1,0
BRDA:383,38,0,0
BRDA:383,38,1,0
BRDA:385,39,0,0
BRDA:385,39,1,0
BRDA:385,40,0,0
BRDA:385,40,1,0
BRDA:385,41,0,0
BRDA:385,41,1,0
BRDA:385,42,0,0
BRDA:385,42,1,0
BRDA:390,43,0,0
BRDA:390,43,1,0
BRDA:390,44,0,0
BRDA:390,44,1,0
BRDA:392,45,0,0
BRDA:392,45,1,0
BRDA:412,46,0,0
BRDA:412,46,1,0
BRDA:419,47,0,0
BRDA:419,47,1,0
BRDA:433,48,0,0
BRDA:433,48,1,0
BRDA:449,49,0,0
BRDA:449,49,1,0
BRDA:455,50,0,0
BRDA:455,50,1,0
BRDA:472,51,0,0
BRDA:472,51,1,0
BRDA:473,52,0,0
BRDA:473,52,1,0
BRDA:498,53,0,0
BRDA:498,53,1,0
BRDA:507,54,0,0
BRDA:507,54,1,0
BRDA:515,55,0,0
BRDA:515,55,1,0
BRDA:521,56,0,0
BRDA:521,56,1,0
BRF:115
BRH:0
end_of_record
TN:
SF:node\__tests__\unit\__init__.js
FNF:0
FNH:0
LF:0
LH:0
BRF:0
BRH:0
end_of_record
TN:
SF:node\scripts\init_twitch_oauth.js
FN:22,question
FN:23,(anonymous_1)
FN:29,updateEnvFile
FN:60,main
FN:95,(anonymous_4)
FN:189,(anonymous_5)
FN:216,(anonymous_6)
FN:249,(anonymous_7)
FN:261,(anonymous_8)
FN:267,(anonymous_9)
FNF:10
FNH:0
FNDA:0,question
FNDA:0,(anonymous_1)
FNDA:0,updateEnvFile
FNDA:0,main
FNDA:0,(anonymous_4)
FNDA:0,(anonymous_5)
FNDA:0,(anonymous_6)
FNDA:0,(anonymous_7)
FNDA:0,(anonymous_8)
FNDA:0,(anonymous_9)
DA:11,0
DA:12,0
DA:13,0
DA:14,0
DA:15,0
DA:17,0
DA:23,0
DA:30,0
DA:32,0
DA:34,0
DA:35,0
DA:39,0
DA:42,0
DA:43,0
DA:45,0
DA:47,0
DA:50,0
DA:51,0
DA:53,0
DA:57,0
DA:61,0
DA:62,0
DA:63,0
DA:64,0
DA:67,0
DA:68,0
DA:70,0
DA:71,0
DA:74,0
DA:75,0
DA:76,0
DA:79,0
DA:80,0
DA:81,0
DA:82,0
DA:83,0
DA:85,0
DA:88,0
DA:89,0
DA:90,0
DA:93,0
DA:95,0
DA:96,0
DA:97,0
DA:99,0
DA:100,0
DA:110,0
DA:111,0
DA:112,0
DA:113,0
DA:114,0
DA:117,0
DA:118,0
DA:127,0
DA:128,0
DA:129,0
DA:130,0
DA:131,0
DA:134,0
DA:139,0
DA:140,0
DA:141,0
DA:155,0
DA:156,0
DA:158,0
DA:170,0
DA:171,0
DA:174,0
DA:175,0
DA:176,0
DA:177,0
DA:179,0
DA:180,0
DA:181,0
DA:182,0
DA:183,0
DA:184,0
DA:185,0
DA:189,0
DA:190,0
DA:191,0
DA:192,0
DA:195,0
DA:199,0
DA:209,0
DA:210,0
DA:211,0
DA:216,0
DA:217,0
DA:221,0
DA:222,0
DA:226,0
DA:227,0
DA:230,0
DA:232,0
DA:234,0
DA:235,0
DA:236,0
DA:237,0
DA:240,0
DA:242,0
DA:243,0
DA:244,0
DA:245,0
DA:249,0
DA:250,0
DA:251,0
DA:252,0
DA:253,0
DA:254,0
DA:255,0
DA:261,0
DA:262,0
DA:263,0
DA:264,0
DA:267,0
DA:268,0
DA:269,0
DA:270,0
LF:119
LH:0
BRDA:32,0,0,0
BRDA:32,0,1,0
BRDA:45,1,0,0
BRDA:45,1,1,0
BRDA:50,2,0,0
BRDA:50,2,1,0
BRDA:70,3,0,0
BRDA:70,3,1,0
BRDA:70,4,0,0
BRDA:70,4,1,0
BRDA:99,5,0,0
BRDA:99,5,1,0
BRDA:105,6,0,0
BRDA:105,6,1,0
BRDA:117,7,0,0
BRDA:117,7,1,0
BRDA:197,8,0,0
BRDA:197,8,1,0
BRDA:204,9,0,0
BRDA:204,9,1,0
BRDA:250,10,0,0
BRDA:250,10,1,0
BRF:22
BRH:0
end_of_record
TN:
SF:node\utils\logger.js
FN:48,(anonymous_0)
FN:57,shouldLog
FN:81,getTimestamp
FN:91,debug
FN:103,info
FN:111,(anonymous_5)
FN:120,success
FN:132,error
FN:140,(anonymous_8)
FN:149,warn
FN:157,(anonymous_10)
FN:171,chat
FNF:12
FNH:0
FNDA:0,(anonymous_0)
FNDA:0,shouldLog
FNDA:0,getTimestamp
FNDA:0,debug
FNDA:0,info
FNDA:0,(anonymous_5)
FNDA:0,success
FNDA:0,error
FNDA:0,(anonymous_8)
FNDA:0,warn
FNDA:0,(anonymous_10)
FNDA:0,chat
DA:22,0
DA:25,0
DA:35,0
DA:43,0
DA:47,0
DA:48,0
DA:59,0
DA:60,0
DA:64,0
DA:65,0
DA:70,0
DA:71,0
DA:82,0
DA:83,0
DA:92,0
DA:93,0
DA:95,0
DA:104,0
DA:105,0
DA:107,0
DA:108,0
DA:110,0
DA:111,0
DA:121,0
DA:122,0
DA:124,0
DA:133,0
DA:134,0
DA:136,0
DA:137,0
DA:139,0
DA:140,0
DA:150,0
DA:151,0
DA:153,0
DA:154,0
DA:156,0
DA:157,0
DA:172,0
DA:173,0
DA:175,0
DA:179,0
LF:42
LH:0
BRDA:43,0,0,0
BRDA:43,0,1,0
BRDA:47,1,0,0
BRDA:47,1,1,0
BRDA:57,2,0,0
BRDA:59,3,0,0
BRDA:59,3,1,0
BRDA:64,4,0,0
BRDA:64,4,1,0
BRDA:70,5,0,0
BRDA:70,5,1,0
BRDA:91,6,0,0
BRDA:92,7,0,0
BRDA:92,7,1,0
BRDA:103,8,0,0
BRDA:104,9,0,0
BRDA:104,9,1,0
BRDA:110,10,0,0
BRDA:110,10,1,0
BRDA:110,11,0,0
BRDA:110,11,1,0
BRDA:120,12,0,0
BRDA:121,13,0,0
BRDA:121,13,1,0
BRDA:132,14,0,0
BRDA:133,15,0,0
BRDA:133,15,1,0
BRDA:139,16,0,0
BRDA:139,16,1,0
BRDA:139,17,0,0
BRDA:139,17,1,0
BRDA:149,18,0,0
BRDA:150,19,0,0
BRDA:150,19,1,0
BRDA:156,20,0,0
BRDA:156,20,1,0
BRDA:156,21,0,0
BRDA:156,21,1,0
BRDA:171,22,0,0
BRDA:172,23,0,0
BRDA:172,23,1,0
BRF:41
BRH:0
end_of_record
